{"C:\\Users\\seth\\Desktop\\Software-Construction\\Order-Management\\order_service\\server.js": {"path":"C:\\Users\\seth\\Desktop\\Software-Construction\\Order-Management\\order_service\\server.js","statementMap":{"0":{"start":{"line":1,"column":16},"end":{"line":1,"column":34}},"1":{"start":{"line":2,"column":13},"end":{"line":2,"column":28}},"2":{"start":{"line":3,"column":0},"end":{"line":3,"column":27}},"3":{"start":{"line":5,"column":12},"end":{"line":5,"column":21}},"4":{"start":{"line":6,"column":13},"end":{"line":6,"column":51}},"5":{"start":{"line":10,"column":0},"end":{"line":10,"column":16}},"6":{"start":{"line":11,"column":0},"end":{"line":11,"column":24}},"7":{"start":{"line":14,"column":0},"end":{"line":16,"column":3}},"8":{"start":{"line":15,"column":2},"end":{"line":15,"column":36}},"9":{"start":{"line":19,"column":20},"end":{"line":19,"column":51}},"10":{"start":{"line":20,"column":22},"end":{"line":20,"column":55}},"11":{"start":{"line":21,"column":23},"end":{"line":21,"column":57}},"12":{"start":{"line":23,"column":0},"end":{"line":23,"column":36}},"13":{"start":{"line":24,"column":0},"end":{"line":24,"column":40}},"14":{"start":{"line":25,"column":0},"end":{"line":25,"column":42}},"15":{"start":{"line":30,"column":0},"end":{"line":35,"column":3}},"16":{"start":{"line":31,"column":2},"end":{"line":31,"column":59}},"17":{"start":{"line":32,"column":21},"end":{"line":32,"column":42}},"18":{"start":{"line":33,"column":18},"end":{"line":33,"column":69}},"19":{"start":{"line":34,"column":2},"end":{"line":34,"column":43}},"20":{"start":{"line":38,"column":0},"end":{"line":40,"column":3}},"21":{"start":{"line":39,"column":2},"end":{"line":39,"column":57}},"22":{"start":{"line":42,"column":0},"end":{"line":42,"column":21}}},"fnMap":{"0":{"name":"(anonymous_0)","decl":{"start":{"line":14,"column":13},"end":{"line":14,"column":14}},"loc":{"start":{"line":14,"column":27},"end":{"line":16,"column":1}},"line":14},"1":{"name":"(anonymous_1)","decl":{"start":{"line":30,"column":8},"end":{"line":30,"column":9}},"loc":{"start":{"line":30,"column":33},"end":{"line":35,"column":1}},"line":30},"2":{"name":"(anonymous_2)","decl":{"start":{"line":38,"column":17},"end":{"line":38,"column":18}},"loc":{"start":{"line":38,"column":23},"end":{"line":40,"column":1}},"line":38}},"branchMap":{"0":{"loc":{"start":{"line":6,"column":13},"end":{"line":6,"column":51}},"type":"binary-expr","locations":[{"start":{"line":6,"column":13},"end":{"line":6,"column":43}},{"start":{"line":6,"column":47},"end":{"line":6,"column":51}}],"line":6},"1":{"loc":{"start":{"line":31,"column":26},"end":{"line":31,"column":57}},"type":"binary-expr","locations":[{"start":{"line":31,"column":26},"end":{"line":31,"column":35}},{"start":{"line":31,"column":39},"end":{"line":31,"column":50}},{"start":{"line":31,"column":54},"end":{"line":31,"column":57}}],"line":31},"2":{"loc":{"start":{"line":32,"column":21},"end":{"line":32,"column":42}},"type":"binary-expr","locations":[{"start":{"line":32,"column":21},"end":{"line":32,"column":35}},{"start":{"line":32,"column":39},"end":{"line":32,"column":42}}],"line":32},"3":{"loc":{"start":{"line":33,"column":18},"end":{"line":33,"column":69}},"type":"binary-expr","locations":[{"start":{"line":33,"column":18},"end":{"line":33,"column":29}},{"start":{"line":33,"column":33},"end":{"line":33,"column":69}}],"line":33}},"s":{"0":2,"1":2,"2":2,"3":2,"4":2,"5":2,"6":2,"7":2,"8":0,"9":2,"10":2,"11":2,"12":2,"13":2,"14":2,"15":2,"16":1,"17":1,"18":1,"19":1,"20":2,"21":2,"22":2},"f":{"0":0,"1":1,"2":2},"b":{"0":[2,0],"1":[1,0,0],"2":[1,1],"3":[1,0]},"_coverageSchema":"1a1c01bbd47fc00a2c39e90264f33305004495a9","hash":"d3b65f5b56729faf799fc01c9123afa871061e4c"}
,"C:\\Users\\seth\\Desktop\\Software-Construction\\Order-Management\\order_service\\controllers\\customerController.js": {"path":"C:\\Users\\seth\\Desktop\\Software-Construction\\Order-Management\\order_service\\controllers\\customerController.js","statementMap":{"0":{"start":{"line":1,"column":11},"end":{"line":1,"column":27}},"1":{"start":{"line":4,"column":24},"end":{"line":14,"column":1}},"2":{"start":{"line":5,"column":2},"end":{"line":13,"column":3}},"3":{"start":{"line":7,"column":18},"end":{"line":7,"column":83}},"4":{"start":{"line":8,"column":19},"end":{"line":8,"column":40}},"5":{"start":{"line":9,"column":4},"end":{"line":9,"column":38}},"6":{"start":{"line":11,"column":4},"end":{"line":11,"column":54}},"7":{"start":{"line":12,"column":4},"end":{"line":12,"column":16}},"8":{"start":{"line":18,"column":0},"end":{"line":20,"column":2}},"9":{"start":{"line":23,"column":23},"end":{"line":49,"column":1}},"10":{"start":{"line":24,"column":34},"end":{"line":24,"column":42}},"11":{"start":{"line":27,"column":2},"end":{"line":29,"column":3}},"12":{"start":{"line":28,"column":4},"end":{"line":28,"column":75}},"13":{"start":{"line":32,"column":2},"end":{"line":48,"column":3}},"14":{"start":{"line":33,"column":18},"end":{"line":37,"column":5}},"15":{"start":{"line":39,"column":19},"end":{"line":39,"column":79}},"16":{"start":{"line":40,"column":4},"end":{"line":40,"column":41}},"17":{"start":{"line":42,"column":4},"end":{"line":42,"column":53}},"18":{"start":{"line":44,"column":4},"end":{"line":46,"column":5}},"19":{"start":{"line":45,"column":8},"end":{"line":45,"column":99}},"20":{"start":{"line":47,"column":4},"end":{"line":47,"column":16}},"21":{"start":{"line":51,"column":0},"end":{"line":54,"column":2}}},"fnMap":{"0":{"name":"(anonymous_0)","decl":{"start":{"line":4,"column":24},"end":{"line":4,"column":25}},"loc":{"start":{"line":4,"column":50},"end":{"line":14,"column":1}},"line":4},"1":{"name":"(anonymous_1)","decl":{"start":{"line":23,"column":23},"end":{"line":23,"column":24}},"loc":{"start":{"line":23,"column":49},"end":{"line":49,"column":1}},"line":23}},"branchMap":{"0":{"loc":{"start":{"line":27,"column":2},"end":{"line":29,"column":3}},"type":"if","locations":[{"start":{"line":27,"column":2},"end":{"line":29,"column":3}},{"start":{},"end":{}}],"line":27},"1":{"loc":{"start":{"line":39,"column":48},"end":{"line":39,"column":61}},"type":"binary-expr","locations":[{"start":{"line":39,"column":48},"end":{"line":39,"column":53}},{"start":{"line":39,"column":57},"end":{"line":39,"column":61}}],"line":39},"2":{"loc":{"start":{"line":39,"column":63},"end":{"line":39,"column":77}},"type":"binary-expr","locations":[{"start":{"line":39,"column":63},"end":{"line":39,"column":69}},{"start":{"line":39,"column":73},"end":{"line":39,"column":77}}],"line":39},"3":{"loc":{"start":{"line":44,"column":4},"end":{"line":46,"column":5}},"type":"if","locations":[{"start":{"line":44,"column":4},"end":{"line":46,"column":5}},{"start":{},"end":{}}],"line":44},"4":{"loc":{"start":{"line":44,"column":8},"end":{"line":44,"column":76}},"type":"binary-expr","locations":[{"start":{"line":44,"column":8},"end":{"line":44,"column":30}},{"start":{"line":44,"column":34},"end":{"line":44,"column":76}}],"line":44}},"s":{"0":2,"1":2,"2":0,"3":0,"4":0,"5":0,"6":0,"7":0,"8":2,"9":2,"10":0,"11":0,"12":0,"13":0,"14":0,"15":0,"16":0,"17":0,"18":0,"19":0,"20":0,"21":2},"f":{"0":0,"1":0},"b":{"0":[0,0],"1":[0,0],"2":[0,0],"3":[0,0],"4":[0,0]},"_coverageSchema":"1a1c01bbd47fc00a2c39e90264f33305004495a9","hash":"bdcfc754beebe8f362d6557d210fc4e384393c6e"}
,"C:\\Users\\seth\\Desktop\\Software-Construction\\Order-Management\\order_service\\controllers\\orderController.js": {"path":"C:\\Users\\seth\\Desktop\\Software-Construction\\Order-Management\\order_service\\controllers\\orderController.js","statementMap":{"0":{"start":{"line":1,"column":11},"end":{"line":1,"column":27}},"1":{"start":{"line":4,"column":20},"end":{"line":105,"column":1}},"2":{"start":{"line":7,"column":20},"end":{"line":7,"column":28}},"3":{"start":{"line":8,"column":17},"end":{"line":8,"column":27}},"4":{"start":{"line":10,"column":2},"end":{"line":12,"column":3}},"5":{"start":{"line":11,"column":4},"end":{"line":11,"column":73}},"6":{"start":{"line":17,"column":22},"end":{"line":27,"column":7}},"7":{"start":{"line":19,"column":21},"end":{"line":19,"column":46}},"8":{"start":{"line":20,"column":18},"end":{"line":20,"column":45}},"9":{"start":{"line":21,"column":4},"end":{"line":25,"column":5}},"10":{"start":{"line":23,"column":6},"end":{"line":23,"column":48}},"11":{"start":{"line":24,"column":6},"end":{"line":24,"column":17}},"12":{"start":{"line":26,"column":4},"end":{"line":26,"column":36}},"13":{"start":{"line":30,"column":17},"end":{"line":30,"column":40}},"14":{"start":{"line":32,"column":2},"end":{"line":104,"column":3}},"15":{"start":{"line":33,"column":4},"end":{"line":33,"column":32}},"16":{"start":{"line":36,"column":23},"end":{"line":40,"column":5}},"17":{"start":{"line":41,"column":24},"end":{"line":41,"column":88}},"18":{"start":{"line":42,"column":23},"end":{"line":42,"column":45}},"19":{"start":{"line":45,"column":31},"end":{"line":82,"column":6}},"20":{"start":{"line":47,"column":24},"end":{"line":47,"column":36}},"21":{"start":{"line":48,"column":23},"end":{"line":48,"column":50}},"22":{"start":{"line":49,"column":20},"end":{"line":49,"column":47}},"23":{"start":{"line":51,"column":6},"end":{"line":54,"column":7}},"24":{"start":{"line":52,"column":8},"end":{"line":52,"column":64}},"25":{"start":{"line":53,"column":8},"end":{"line":53,"column":60}},"26":{"start":{"line":59,"column":24},"end":{"line":59,"column":41}},"27":{"start":{"line":60,"column":6},"end":{"line":73,"column":7}},"28":{"start":{"line":61,"column":30},"end":{"line":61,"column":104}},"29":{"start":{"line":62,"column":8},"end":{"line":68,"column":9}},"30":{"start":{"line":63,"column":10},"end":{"line":63,"column":51}},"31":{"start":{"line":65,"column":11},"end":{"line":65,"column":67}},"32":{"start":{"line":70,"column":9},"end":{"line":70,"column":89}},"33":{"start":{"line":72,"column":9},"end":{"line":72,"column":84}},"34":{"start":{"line":77,"column":24},"end":{"line":80,"column":7}},"35":{"start":{"line":81,"column":6},"end":{"line":81,"column":81}},"36":{"start":{"line":84,"column":4},"end":{"line":84,"column":42}},"37":{"start":{"line":86,"column":4},"end":{"line":86,"column":33}},"38":{"start":{"line":88,"column":4},"end":{"line":95,"column":8}},"39":{"start":{"line":98,"column":4},"end":{"line":98,"column":35}},"40":{"start":{"line":99,"column":4},"end":{"line":99,"column":50}},"41":{"start":{"line":101,"column":4},"end":{"line":101,"column":16}},"42":{"start":{"line":103,"column":4},"end":{"line":103,"column":21}},"43":{"start":{"line":108,"column":22},"end":{"line":161,"column":1}},"44":{"start":{"line":109,"column":17},"end":{"line":109,"column":27}},"45":{"start":{"line":111,"column":2},"end":{"line":160,"column":3}},"46":{"start":{"line":115,"column":18},"end":{"line":129,"column":5}},"47":{"start":{"line":130,"column":19},"end":{"line":130,"column":50}},"48":{"start":{"line":133,"column":22},"end":{"line":133,"column":31}},"49":{"start":{"line":134,"column":4},"end":{"line":152,"column":7}},"50":{"start":{"line":135,"column":8},"end":{"line":143,"column":9}},"51":{"start":{"line":136,"column":12},"end":{"line":142,"column":15}},"52":{"start":{"line":144,"column":8},"end":{"line":151,"column":9}},"53":{"start":{"line":145,"column":13},"end":{"line":150,"column":15}},"54":{"start":{"line":154,"column":19},"end":{"line":154,"column":49}},"55":{"start":{"line":156,"column":4},"end":{"line":156,"column":33}},"56":{"start":{"line":158,"column":4},"end":{"line":158,"column":56}},"57":{"start":{"line":159,"column":4},"end":{"line":159,"column":16}},"58":{"start":{"line":164,"column":21},"end":{"line":220,"column":1}},"59":{"start":{"line":165,"column":17},"end":{"line":165,"column":27}},"60":{"start":{"line":166,"column":18},"end":{"line":166,"column":45}},"61":{"start":{"line":168,"column":3},"end":{"line":170,"column":5}},"62":{"start":{"line":169,"column":8},"end":{"line":169,"column":76}},"63":{"start":{"line":172,"column":2},"end":{"line":219,"column":3}},"64":{"start":{"line":173,"column":19},"end":{"line":187,"column":5}},"65":{"start":{"line":188,"column":19},"end":{"line":188,"column":59}},"66":{"start":{"line":190,"column":4},"end":{"line":192,"column":5}},"67":{"start":{"line":191,"column":6},"end":{"line":191,"column":83}},"68":{"start":{"line":195,"column":18},"end":{"line":201,"column":5}},"69":{"start":{"line":203,"column":4},"end":{"line":212,"column":7}},"70":{"start":{"line":204,"column":9},"end":{"line":211,"column":10}},"71":{"start":{"line":205,"column":13},"end":{"line":210,"column":15}},"72":{"start":{"line":215,"column":4},"end":{"line":215,"column":32}},"73":{"start":{"line":217,"column":4},"end":{"line":217,"column":56}},"74":{"start":{"line":218,"column":4},"end":{"line":218,"column":16}},"75":{"start":{"line":235,"column":20},"end":{"line":264,"column":1}},"76":{"start":{"line":236,"column":17},"end":{"line":236,"column":27}},"77":{"start":{"line":237,"column":18},"end":{"line":237,"column":45}},"78":{"start":{"line":239,"column":2},"end":{"line":241,"column":3}},"79":{"start":{"line":240,"column":4},"end":{"line":240,"column":72}},"80":{"start":{"line":243,"column":2},"end":{"line":263,"column":3}},"81":{"start":{"line":245,"column":24},"end":{"line":249,"column":5}},"82":{"start":{"line":250,"column":19},"end":{"line":250,"column":65}},"83":{"start":{"line":252,"column":4},"end":{"line":255,"column":5}},"84":{"start":{"line":254,"column":6},"end":{"line":254,"column":83}},"85":{"start":{"line":258,"column":4},"end":{"line":258,"column":27}},"86":{"start":{"line":261,"column":4},"end":{"line":261,"column":50}},"87":{"start":{"line":262,"column":4},"end":{"line":262,"column":16}},"88":{"start":{"line":266,"column":0},"end":{"line":272,"column":2}}},"fnMap":{"0":{"name":"(anonymous_0)","decl":{"start":{"line":4,"column":20},"end":{"line":4,"column":21}},"loc":{"start":{"line":4,"column":46},"end":{"line":105,"column":1}},"line":4},"1":{"name":"(anonymous_1)","decl":{"start":{"line":17,"column":35},"end":{"line":17,"column":36}},"loc":{"start":{"line":17,"column":50},"end":{"line":27,"column":3}},"line":17},"2":{"name":"(anonymous_2)","decl":{"start":{"line":45,"column":41},"end":{"line":45,"column":42}},"loc":{"start":{"line":45,"column":57},"end":{"line":82,"column":5}},"line":45},"3":{"name":"(anonymous_3)","decl":{"start":{"line":108,"column":22},"end":{"line":108,"column":23}},"loc":{"start":{"line":108,"column":48},"end":{"line":161,"column":1}},"line":108},"4":{"name":"(anonymous_4)","decl":{"start":{"line":134,"column":24},"end":{"line":134,"column":25}},"loc":{"start":{"line":134,"column":31},"end":{"line":152,"column":5}},"line":134},"5":{"name":"(anonymous_5)","decl":{"start":{"line":164,"column":21},"end":{"line":164,"column":22}},"loc":{"start":{"line":164,"column":47},"end":{"line":220,"column":1}},"line":164},"6":{"name":"(anonymous_6)","decl":{"start":{"line":203,"column":24},"end":{"line":203,"column":25}},"loc":{"start":{"line":203,"column":31},"end":{"line":212,"column":5}},"line":203},"7":{"name":"(anonymous_7)","decl":{"start":{"line":235,"column":20},"end":{"line":235,"column":21}},"loc":{"start":{"line":235,"column":46},"end":{"line":264,"column":1}},"line":235}},"branchMap":{"0":{"loc":{"start":{"line":10,"column":2},"end":{"line":12,"column":3}},"type":"if","locations":[{"start":{"line":10,"column":2},"end":{"line":12,"column":3}},{"start":{},"end":{}}],"line":10},"1":{"loc":{"start":{"line":10,"column":6},"end":{"line":10,"column":59}},"type":"binary-expr","locations":[{"start":{"line":10,"column":6},"end":{"line":10,"column":12}},{"start":{"line":10,"column":16},"end":{"line":10,"column":37}},{"start":{"line":10,"column":41},"end":{"line":10,"column":59}}],"line":10},"2":{"loc":{"start":{"line":21,"column":4},"end":{"line":25,"column":5}},"type":"if","locations":[{"start":{"line":21,"column":4},"end":{"line":25,"column":5}},{"start":{},"end":{}}],"line":21},"3":{"loc":{"start":{"line":21,"column":8},"end":{"line":21,"column":39}},"type":"binary-expr","locations":[{"start":{"line":21,"column":8},"end":{"line":21,"column":23}},{"start":{"line":21,"column":27},"end":{"line":21,"column":39}}],"line":21},"4":{"loc":{"start":{"line":51,"column":6},"end":{"line":54,"column":7}},"type":"if","locations":[{"start":{"line":51,"column":6},"end":{"line":54,"column":7}},{"start":{},"end":{}}],"line":51},"5":{"loc":{"start":{"line":51,"column":10},"end":{"line":51,"column":68}},"type":"binary-expr","locations":[{"start":{"line":51,"column":10},"end":{"line":51,"column":33}},{"start":{"line":51,"column":37},"end":{"line":51,"column":52}},{"start":{"line":51,"column":56},"end":{"line":51,"column":68}}],"line":51},"6":{"loc":{"start":{"line":62,"column":8},"end":{"line":68,"column":9}},"type":"if","locations":[{"start":{"line":62,"column":8},"end":{"line":68,"column":9}},{"start":{"line":64,"column":15},"end":{"line":68,"column":9}}],"line":62},"7":{"loc":{"start":{"line":135,"column":8},"end":{"line":143,"column":9}},"type":"if","locations":[{"start":{"line":135,"column":8},"end":{"line":143,"column":9}},{"start":{},"end":{}}],"line":135},"8":{"loc":{"start":{"line":144,"column":8},"end":{"line":151,"column":9}},"type":"if","locations":[{"start":{"line":144,"column":8},"end":{"line":151,"column":9}},{"start":{},"end":{}}],"line":144},"9":{"loc":{"start":{"line":168,"column":3},"end":{"line":170,"column":5}},"type":"if","locations":[{"start":{"line":168,"column":3},"end":{"line":170,"column":5}},{"start":{},"end":{}}],"line":168},"10":{"loc":{"start":{"line":190,"column":4},"end":{"line":192,"column":5}},"type":"if","locations":[{"start":{"line":190,"column":4},"end":{"line":192,"column":5}},{"start":{},"end":{}}],"line":190},"11":{"loc":{"start":{"line":204,"column":9},"end":{"line":211,"column":10}},"type":"if","locations":[{"start":{"line":204,"column":9},"end":{"line":211,"column":10}},{"start":{},"end":{}}],"line":204},"12":{"loc":{"start":{"line":239,"column":2},"end":{"line":241,"column":3}},"type":"if","locations":[{"start":{"line":239,"column":2},"end":{"line":241,"column":3}},{"start":{},"end":{}}],"line":239},"13":{"loc":{"start":{"line":252,"column":4},"end":{"line":255,"column":5}},"type":"if","locations":[{"start":{"line":252,"column":4},"end":{"line":255,"column":5}},{"start":{},"end":{}}],"line":252}},"s":{"0":3,"1":3,"2":9,"3":9,"4":9,"5":4,"6":5,"7":7,"8":7,"9":7,"10":0,"11":0,"12":7,"13":5,"14":5,"15":5,"16":5,"17":5,"18":3,"19":3,"20":5,"21":5,"22":5,"23":5,"24":0,"25":0,"26":5,"27":5,"28":5,"29":4,"30":4,"31":0,"32":1,"33":1,"34":4,"35":4,"36":3,"37":2,"38":2,"39":3,"40":3,"41":3,"42":5,"43":3,"44":8,"45":8,"46":8,"47":8,"48":7,"49":7,"50":4,"51":4,"52":4,"53":4,"54":7,"55":7,"56":1,"57":1,"58":3,"59":7,"60":7,"61":7,"62":2,"63":5,"64":5,"65":5,"66":4,"67":2,"68":2,"69":2,"70":4,"71":4,"72":2,"73":1,"74":1,"75":3,"76":0,"77":0,"78":0,"79":0,"80":0,"81":0,"82":0,"83":0,"84":0,"85":0,"86":0,"87":0,"88":3},"f":{"0":9,"1":7,"2":5,"3":8,"4":4,"5":7,"6":4,"7":0},"b":{"0":[4,5],"1":[9,7,7],"2":[0,7],"3":[7,7],"4":[0,5],"5":[5,5,5],"6":[4,0],"7":[4,0],"8":[4,0],"9":[2,5],"10":[2,2],"11":[4,0],"12":[0,0],"13":[0,0]},"_coverageSchema":"1a1c01bbd47fc00a2c39e90264f33305004495a9","hash":"2af49f9518ef7a3326c0a53557cd3c3ef7335008"}
,"C:\\Users\\seth\\Desktop\\Software-Construction\\Order-Management\\order_service\\controllers\\productController.js": {"path":"C:\\Users\\seth\\Desktop\\Software-Construction\\Order-Management\\order_service\\controllers\\productController.js","statementMap":{"0":{"start":{"line":1,"column":11},"end":{"line":1,"column":27}},"1":{"start":{"line":4,"column":23},"end":{"line":13,"column":1}},"2":{"start":{"line":5,"column":2},"end":{"line":12,"column":3}},"3":{"start":{"line":6,"column":18},"end":{"line":6,"column":87}},"4":{"start":{"line":7,"column":19},"end":{"line":7,"column":40}},"5":{"start":{"line":8,"column":4},"end":{"line":8,"column":38}},"6":{"start":{"line":10,"column":4},"end":{"line":10,"column":53}},"7":{"start":{"line":11,"column":4},"end":{"line":11,"column":16}},"8":{"start":{"line":17,"column":0},"end":{"line":19,"column":2}},"9":{"start":{"line":22,"column":22},"end":{"line":49,"column":1}},"10":{"start":{"line":23,"column":39},"end":{"line":23,"column":47}},"11":{"start":{"line":26,"column":2},"end":{"line":28,"column":3}},"12":{"start":{"line":27,"column":4},"end":{"line":27,"column":85}},"13":{"start":{"line":29,"column":2},"end":{"line":31,"column":3}},"14":{"start":{"line":30,"column":5},"end":{"line":30,"column":86}},"15":{"start":{"line":33,"column":2},"end":{"line":48,"column":3}},"16":{"start":{"line":34,"column":18},"end":{"line":38,"column":5}},"17":{"start":{"line":39,"column":19},"end":{"line":39,"column":76}},"18":{"start":{"line":40,"column":4},"end":{"line":40,"column":41}},"19":{"start":{"line":42,"column":4},"end":{"line":42,"column":52}},"20":{"start":{"line":44,"column":4},"end":{"line":46,"column":5}},"21":{"start":{"line":45,"column":8},"end":{"line":45,"column":96}},"22":{"start":{"line":47,"column":4},"end":{"line":47,"column":16}},"23":{"start":{"line":51,"column":0},"end":{"line":54,"column":2}}},"fnMap":{"0":{"name":"(anonymous_0)","decl":{"start":{"line":4,"column":23},"end":{"line":4,"column":24}},"loc":{"start":{"line":4,"column":49},"end":{"line":13,"column":1}},"line":4},"1":{"name":"(anonymous_1)","decl":{"start":{"line":22,"column":22},"end":{"line":22,"column":23}},"loc":{"start":{"line":22,"column":48},"end":{"line":49,"column":1}},"line":22}},"branchMap":{"0":{"loc":{"start":{"line":26,"column":2},"end":{"line":28,"column":3}},"type":"if","locations":[{"start":{"line":26,"column":2},"end":{"line":28,"column":3}},{"start":{},"end":{}}],"line":26},"1":{"loc":{"start":{"line":26,"column":6},"end":{"line":26,"column":52}},"type":"binary-expr","locations":[{"start":{"line":26,"column":6},"end":{"line":26,"column":11}},{"start":{"line":26,"column":15},"end":{"line":26,"column":34}},{"start":{"line":26,"column":38},"end":{"line":26,"column":52}}],"line":26},"2":{"loc":{"start":{"line":29,"column":2},"end":{"line":31,"column":3}},"type":"if","locations":[{"start":{"line":29,"column":2},"end":{"line":31,"column":3}},{"start":{},"end":{}}],"line":29},"3":{"loc":{"start":{"line":29,"column":6},"end":{"line":29,"column":44}},"type":"binary-expr","locations":[{"start":{"line":29,"column":6},"end":{"line":29,"column":31}},{"start":{"line":29,"column":35},"end":{"line":29,"column":44}}],"line":29},"4":{"loc":{"start":{"line":39,"column":48},"end":{"line":39,"column":67}},"type":"binary-expr","locations":[{"start":{"line":39,"column":48},"end":{"line":39,"column":59}},{"start":{"line":39,"column":63},"end":{"line":39,"column":67}}],"line":39},"5":{"loc":{"start":{"line":44,"column":4},"end":{"line":46,"column":5}},"type":"if","locations":[{"start":{"line":44,"column":4},"end":{"line":46,"column":5}},{"start":{},"end":{}}],"line":44}},"s":{"0":2,"1":2,"2":0,"3":0,"4":0,"5":0,"6":0,"7":0,"8":2,"9":2,"10":0,"11":0,"12":0,"13":0,"14":0,"15":0,"16":0,"17":0,"18":0,"19":0,"20":0,"21":0,"22":0,"23":2},"f":{"0":0,"1":0},"b":{"0":[0,0],"1":[0,0,0],"2":[0,0],"3":[0,0],"4":[0,0],"5":[0,0]},"_coverageSchema":"1a1c01bbd47fc00a2c39e90264f33305004495a9","hash":"7b53c5f446815c3017bd89472cb2d6de20d0be83"}
,"C:\\Users\\seth\\Desktop\\Software-Construction\\Order-Management\\order_service\\routes\\customerRoutes.js": {"path":"C:\\Users\\seth\\Desktop\\Software-Construction\\Order-Management\\order_service\\routes\\customerRoutes.js","statementMap":{"0":{"start":{"line":1,"column":16},"end":{"line":1,"column":34}},"1":{"start":{"line":2,"column":27},"end":{"line":2,"column":71}},"2":{"start":{"line":3,"column":23},"end":{"line":3,"column":62}},"3":{"start":{"line":5,"column":15},"end":{"line":5,"column":31}},"4":{"start":{"line":8,"column":0},"end":{"line":8,"column":39}},"5":{"start":{"line":11,"column":0},"end":{"line":11,"column":52}},"6":{"start":{"line":12,"column":0},"end":{"line":12,"column":52}},"7":{"start":{"line":15,"column":0},"end":{"line":15,"column":24}}},"fnMap":{},"branchMap":{},"s":{"0":2,"1":2,"2":2,"3":2,"4":2,"5":2,"6":2,"7":2},"f":{},"b":{},"_coverageSchema":"1a1c01bbd47fc00a2c39e90264f33305004495a9","hash":"3e2b32a28829b6dd80e667dfd802ada05339b75f"}
,"C:\\Users\\seth\\Desktop\\Software-Construction\\Order-Management\\order_service\\routes\\orderRoutes.js": {"path":"C:\\Users\\seth\\Desktop\\Software-Construction\\Order-Management\\order_service\\routes\\orderRoutes.js","statementMap":{"0":{"start":{"line":1,"column":16},"end":{"line":1,"column":34}},"1":{"start":{"line":2,"column":24},"end":{"line":2,"column":65}},"2":{"start":{"line":3,"column":23},"end":{"line":3,"column":62}},"3":{"start":{"line":5,"column":15},"end":{"line":5,"column":31}},"4":{"start":{"line":8,"column":0},"end":{"line":8,"column":39}},"5":{"start":{"line":11,"column":0},"end":{"line":11,"column":46}},"6":{"start":{"line":12,"column":0},"end":{"line":12,"column":47}},"7":{"start":{"line":13,"column":0},"end":{"line":13,"column":49}},"8":{"start":{"line":15,"column":0},"end":{"line":15,"column":51}},"9":{"start":{"line":17,"column":0},"end":{"line":17,"column":24}}},"fnMap":{},"branchMap":{},"s":{"0":2,"1":2,"2":2,"3":2,"4":2,"5":2,"6":2,"7":2,"8":2,"9":2},"f":{},"b":{},"_coverageSchema":"1a1c01bbd47fc00a2c39e90264f33305004495a9","hash":"b4d70deaf088ff89a2c1df36421550e77a3bcb06"}
,"C:\\Users\\seth\\Desktop\\Software-Construction\\Order-Management\\order_service\\routes\\productRoutes.js": {"path":"C:\\Users\\seth\\Desktop\\Software-Construction\\Order-Management\\order_service\\routes\\productRoutes.js","statementMap":{"0":{"start":{"line":1,"column":16},"end":{"line":1,"column":34}},"1":{"start":{"line":2,"column":26},"end":{"line":2,"column":69}},"2":{"start":{"line":3,"column":23},"end":{"line":3,"column":62}},"3":{"start":{"line":5,"column":15},"end":{"line":5,"column":31}},"4":{"start":{"line":8,"column":0},"end":{"line":8,"column":39}},"5":{"start":{"line":11,"column":0},"end":{"line":11,"column":50}},"6":{"start":{"line":12,"column":0},"end":{"line":12,"column":50}},"7":{"start":{"line":15,"column":0},"end":{"line":15,"column":24}}},"fnMap":{},"branchMap":{},"s":{"0":2,"1":2,"2":2,"3":2,"4":2,"5":2,"6":2,"7":2},"f":{},"b":{},"_coverageSchema":"1a1c01bbd47fc00a2c39e90264f33305004495a9","hash":"d29f3fe0deaee0872c2be3550cd870bf261f05dc"}
}
