TN:
SF:server.js
FN:14,(anonymous_0)
FN:30,(anonymous_1)
FN:38,(anonymous_2)
FNF:3
FNH:2
FNDA:0,(anonymous_0)
FNDA:1,(anonymous_1)
FNDA:2,(anonymous_2)
DA:1,2
DA:2,2
DA:3,2
DA:5,2
DA:6,2
DA:10,2
DA:11,2
DA:14,2
DA:15,0
DA:19,2
DA:20,2
DA:21,2
DA:23,2
DA:24,2
DA:25,2
DA:30,2
DA:31,1
DA:32,1
DA:33,1
DA:34,1
DA:38,2
DA:39,2
DA:42,2
LF:23
LH:22
BRDA:6,0,0,2
BRDA:6,0,1,0
BRDA:31,1,0,1
BRDA:31,1,1,0
BRDA:31,1,2,0
BRDA:32,2,0,1
BRDA:32,2,1,1
BRDA:33,3,0,1
BRDA:33,3,1,0
BRF:9
BRH:5
end_of_record
TN:
SF:controllers\customerController.js
FN:4,(anonymous_0)
FN:23,(anonymous_1)
FNF:2
FNH:0
FNDA:0,(anonymous_0)
FNDA:0,(anonymous_1)
DA:1,2
DA:4,2
DA:5,0
DA:7,0
DA:8,0
DA:9,0
DA:11,0
DA:12,0
DA:18,2
DA:23,2
DA:24,0
DA:27,0
DA:28,0
DA:32,0
DA:33,0
DA:39,0
DA:40,0
DA:42,0
DA:44,0
DA:45,0
DA:47,0
DA:51,2
LF:22
LH:5
BRDA:27,0,0,0
BRDA:27,0,1,0
BRDA:39,1,0,0
BRDA:39,1,1,0
BRDA:39,2,0,0
BRDA:39,2,1,0
BRDA:44,3,0,0
BRDA:44,3,1,0
BRDA:44,4,0,0
BRDA:44,4,1,0
BRF:10
BRH:0
end_of_record
TN:
SF:controllers\orderController.js
FN:4,(anonymous_0)
FN:17,(anonymous_1)
FN:45,(anonymous_2)
FN:108,(anonymous_3)
FN:134,(anonymous_4)
FN:164,(anonymous_5)
FN:203,(anonymous_6)
FN:235,(anonymous_7)
FNF:8
FNH:7
FNDA:9,(anonymous_0)
FNDA:7,(anonymous_1)
FNDA:5,(anonymous_2)
FNDA:8,(anonymous_3)
FNDA:4,(anonymous_4)
FNDA:7,(anonymous_5)
FNDA:4,(anonymous_6)
FNDA:0,(anonymous_7)
DA:1,3
DA:4,3
DA:7,9
DA:8,9
DA:10,9
DA:11,4
DA:17,5
DA:19,7
DA:20,7
DA:21,7
DA:23,0
DA:24,0
DA:26,7
DA:30,5
DA:32,5
DA:33,5
DA:36,5
DA:41,5
DA:42,3
DA:45,3
DA:47,5
DA:48,5
DA:49,5
DA:51,5
DA:52,0
DA:53,0
DA:59,5
DA:60,5
DA:61,5
DA:62,4
DA:63,4
DA:65,0
DA:70,1
DA:72,1
DA:77,4
DA:81,4
DA:84,3
DA:86,2
DA:88,2
DA:98,3
DA:99,3
DA:101,3
DA:103,5
DA:108,3
DA:109,8
DA:111,8
DA:115,8
DA:130,8
DA:133,7
DA:134,7
DA:135,4
DA:136,4
DA:144,4
DA:145,4
DA:154,7
DA:156,7
DA:158,1
DA:159,1
DA:164,3
DA:165,7
DA:166,7
DA:168,7
DA:169,2
DA:172,5
DA:173,5
DA:188,5
DA:190,4
DA:191,2
DA:195,2
DA:203,2
DA:204,4
DA:205,4
DA:215,2
DA:217,1
DA:218,1
DA:235,3
DA:236,0
DA:237,0
DA:239,0
DA:240,0
DA:243,0
DA:245,0
DA:250,0
DA:252,0
DA:254,0
DA:258,0
DA:261,0
DA:262,0
DA:266,3
LF:89
LH:72
BRDA:10,0,0,4
BRDA:10,0,1,5
BRDA:10,1,0,9
BRDA:10,1,1,7
BRDA:10,1,2,7
BRDA:21,2,0,0
BRDA:21,2,1,7
BRDA:21,3,0,7
BRDA:21,3,1,7
BRDA:51,4,0,0
BRDA:51,4,1,5
BRDA:51,5,0,5
BRDA:51,5,1,5
BRDA:51,5,2,5
BRDA:62,6,0,4
BRDA:62,6,1,0
BRDA:135,7,0,4
BRDA:135,7,1,0
BRDA:144,8,0,4
BRDA:144,8,1,0
BRDA:168,9,0,2
BRDA:168,9,1,5
BRDA:190,10,0,2
BRDA:190,10,1,2
BRDA:204,11,0,4
BRDA:204,11,1,0
BRDA:239,12,0,0
BRDA:239,12,1,0
BRDA:252,13,0,0
BRDA:252,13,1,0
BRF:30
BRH:20
end_of_record
TN:
SF:controllers\productController.js
FN:4,(anonymous_0)
FN:22,(anonymous_1)
FNF:2
FNH:0
FNDA:0,(anonymous_0)
FNDA:0,(anonymous_1)
DA:1,2
DA:4,2
DA:5,0
DA:6,0
DA:7,0
DA:8,0
DA:10,0
DA:11,0
DA:17,2
DA:22,2
DA:23,0
DA:26,0
DA:27,0
DA:29,0
DA:30,0
DA:33,0
DA:34,0
DA:39,0
DA:40,0
DA:42,0
DA:44,0
DA:45,0
DA:47,0
DA:51,2
LF:24
LH:5
BRDA:26,0,0,0
BRDA:26,0,1,0
BRDA:26,1,0,0
BRDA:26,1,1,0
BRDA:26,1,2,0
BRDA:29,2,0,0
BRDA:29,2,1,0
BRDA:29,3,0,0
BRDA:29,3,1,0
BRDA:39,4,0,0
BRDA:39,4,1,0
BRDA:44,5,0,0
BRDA:44,5,1,0
BRF:13
BRH:0
end_of_record
TN:
SF:routes\customerRoutes.js
FNF:0
FNH:0
DA:1,2
DA:2,2
DA:3,2
DA:5,2
DA:8,2
DA:11,2
DA:12,2
DA:15,2
LF:8
LH:8
BRF:0
BRH:0
end_of_record
TN:
SF:routes\orderRoutes.js
FNF:0
FNH:0
DA:1,2
DA:2,2
DA:3,2
DA:5,2
DA:8,2
DA:11,2
DA:12,2
DA:13,2
DA:15,2
DA:17,2
LF:10
LH:10
BRF:0
BRH:0
end_of_record
TN:
SF:routes\productRoutes.js
FNF:0
FNH:0
DA:1,2
DA:2,2
DA:3,2
DA:5,2
DA:8,2
DA:11,2
DA:12,2
DA:15,2
LF:8
LH:8
BRF:0
BRH:0
end_of_record
