{"C:\\Users\\seth\\Desktop\\Software-Construction\\Order-Management\\src\\App.js": {"path":"C:\\Users\\seth\\Desktop\\Software-Construction\\Order-Management\\src\\App.js","statementMap":{"0":{"start":{"line":14,"column":12},"end":{"line":58,"column":1}},"1":{"start":{"line":15,"column":2},"end":{"line":57,"column":4}}},"fnMap":{"0":{"name":"(anonymous_0)","decl":{"start":{"line":14,"column":12},"end":{"line":14,"column":13}},"loc":{"start":{"line":14,"column":18},"end":{"line":58,"column":1}},"line":14}},"branchMap":{},"s":{"0":0,"1":0},"f":{"0":0},"b":{}}
,"C:\\Users\\seth\\Desktop\\Software-Construction\\Order-Management\\src\\components\\Auth\\Login.js": {"path":"C:\\Users\\seth\\Desktop\\Software-Construction\\Order-Management\\src\\components\\Auth\\Login.js","statementMap":{"0":{"start":{"line":6,"column":14},"end":{"line":71,"column":1}},"1":{"start":{"line":7,"column":34},"end":{"line":7,"column":46}},"2":{"start":{"line":8,"column":34},"end":{"line":8,"column":46}},"3":{"start":{"line":9,"column":36},"end":{"line":9,"column":51}},"4":{"start":{"line":10,"column":27},"end":{"line":10,"column":36}},"5":{"start":{"line":11,"column":19},"end":{"line":11,"column":32}},"6":{"start":{"line":13,"column":23},"end":{"line":25,"column":3}},"7":{"start":{"line":14,"column":4},"end":{"line":14,"column":23}},"8":{"start":{"line":15,"column":4},"end":{"line":15,"column":23}},"9":{"start":{"line":17,"column":4},"end":{"line":24,"column":5}},"10":{"start":{"line":18,"column":22},"end":{"line":18,"column":53}},"11":{"start":{"line":19,"column":6},"end":{"line":21,"column":7}},"12":{"start":{"line":20,"column":8},"end":{"line":20,"column":28}},"13":{"start":{"line":23,"column":6},"end":{"line":23,"column":26}},"14":{"start":{"line":27,"column":2},"end":{"line":70,"column":4}},"15":{"start":{"line":44,"column":31},"end":{"line":44,"column":58}},"16":{"start":{"line":55,"column":31},"end":{"line":55,"column":58}}},"fnMap":{"0":{"name":"(anonymous_0)","decl":{"start":{"line":6,"column":14},"end":{"line":6,"column":15}},"loc":{"start":{"line":6,"column":20},"end":{"line":71,"column":1}},"line":6},"1":{"name":"(anonymous_1)","decl":{"start":{"line":13,"column":23},"end":{"line":13,"column":24}},"loc":{"start":{"line":13,"column":36},"end":{"line":25,"column":3}},"line":13},"2":{"name":"(anonymous_2)","decl":{"start":{"line":44,"column":24},"end":{"line":44,"column":25}},"loc":{"start":{"line":44,"column":31},"end":{"line":44,"column":58}},"line":44},"3":{"name":"(anonymous_3)","decl":{"start":{"line":55,"column":24},"end":{"line":55,"column":25}},"loc":{"start":{"line":55,"column":31},"end":{"line":55,"column":58}},"line":55}},"branchMap":{"0":{"loc":{"start":{"line":19,"column":6},"end":{"line":21,"column":7}},"type":"if","locations":[{"start":{"line":19,"column":6},"end":{"line":21,"column":7}},{"start":{},"end":{}}],"line":19},"1":{"loc":{"start":{"line":35,"column":9},"end":{"line":35,"column":59}},"type":"binary-expr","locations":[{"start":{"line":35,"column":9},"end":{"line":35,"column":14}},{"start":{"line":35,"column":18},"end":{"line":35,"column":59}}],"line":35},"2":{"loc":{"start":{"line":61,"column":13},"end":{"line":61,"column":66}},"type":"cond-expr","locations":[{"start":{"line":61,"column":25},"end":{"line":61,"column":44}},{"start":{"line":61,"column":47},"end":{"line":61,"column":66}}],"line":61}},"s":{"0":1,"1":6,"2":6,"3":6,"4":6,"5":6,"6":6,"7":0,"8":0,"9":0,"10":0,"11":0,"12":0,"13":0,"14":6,"15":1,"16":1},"f":{"0":6,"1":0,"2":1,"3":1},"b":{"0":[0,0],"1":[6,0],"2":[0,6]},"_coverageSchema":"1a1c01bbd47fc00a2c39e90264f33305004495a9","hash":"a6d8e3ccafbeb050f4cf738a6cd3d02e1ce3500c"}
,"C:\\Users\\seth\\Desktop\\Software-Construction\\Order-Management\\src\\components\\Layout\\Navbar.js": {"path":"C:\\Users\\seth\\Desktop\\Software-Construction\\Order-Management\\src\\components\\Layout\\Navbar.js","statementMap":{"0":{"start":{"line":6,"column":15},"end":{"line":47,"column":1}},"1":{"start":{"line":7,"column":34},"end":{"line":7,"column":43}},"2":{"start":{"line":8,"column":19},"end":{"line":8,"column":32}},"3":{"start":{"line":10,"column":23},"end":{"line":13,"column":3}},"4":{"start":{"line":11,"column":4},"end":{"line":11,"column":13}},"5":{"start":{"line":12,"column":4},"end":{"line":12,"column":23}},"6":{"start":{"line":15,"column":2},"end":{"line":46,"column":4}}},"fnMap":{"0":{"name":"(anonymous_0)","decl":{"start":{"line":6,"column":15},"end":{"line":6,"column":16}},"loc":{"start":{"line":6,"column":21},"end":{"line":47,"column":1}},"line":6},"1":{"name":"(anonymous_1)","decl":{"start":{"line":10,"column":23},"end":{"line":10,"column":24}},"loc":{"start":{"line":10,"column":29},"end":{"line":13,"column":3}},"line":10}},"branchMap":{"0":{"loc":{"start":{"line":25,"column":9},"end":{"line":43,"column":9}},"type":"cond-expr","locations":[{"start":{"line":26,"column":10},"end":{"line":37,"column":13}},{"start":{"line":39,"column":10},"end":{"line":42,"column":13}}],"line":25}},"s":{"0":0,"1":0,"2":0,"3":0,"4":0,"5":0,"6":0},"f":{"0":0,"1":0},"b":{"0":[0,0]}}
,"C:\\Users\\seth\\Desktop\\Software-Construction\\Order-Management\\src\\components\\Management\\AddCustomerForm.js": {"path":"C:\\Users\\seth\\Desktop\\Software-Construction\\Order-Management\\src\\components\\Management\\AddCustomerForm.js","statementMap":{"0":{"start":{"line":6,"column":24},"end":{"line":85,"column":1}},"1":{"start":{"line":7,"column":26},"end":{"line":7,"column":38}},"2":{"start":{"line":8,"column":28},"end":{"line":8,"column":40}},"3":{"start":{"line":9,"column":30},"end":{"line":9,"column":42}},"4":{"start":{"line":10,"column":28},"end":{"line":10,"column":42}},"5":{"start":{"line":11,"column":32},"end":{"line":11,"column":47}},"6":{"start":{"line":12,"column":26},"end":{"line":12,"column":37}},"7":{"start":{"line":13,"column":19},"end":{"line":13,"column":32}},"8":{"start":{"line":15,"column":23},"end":{"line":36,"column":3}},"9":{"start":{"line":16,"column":4},"end":{"line":16,"column":23}},"10":{"start":{"line":17,"column":4},"end":{"line":17,"column":19}},"11":{"start":{"line":18,"column":4},"end":{"line":18,"column":21}},"12":{"start":{"line":20,"column":4},"end":{"line":24,"column":5}},"13":{"start":{"line":21,"column":8},"end":{"line":21,"column":47}},"14":{"start":{"line":22,"column":8},"end":{"line":22,"column":26}},"15":{"start":{"line":23,"column":8},"end":{"line":23,"column":15}},"16":{"start":{"line":26,"column":4},"end":{"line":35,"column":5}},"17":{"start":{"line":27,"column":6},"end":{"line":27,"column":49}},"18":{"start":{"line":29,"column":6},"end":{"line":29,"column":26}},"19":{"start":{"line":31,"column":6},"end":{"line":31,"column":52}},"20":{"start":{"line":32,"column":6},"end":{"line":32,"column":75}},"21":{"start":{"line":34,"column":6},"end":{"line":34,"column":24}},"22":{"start":{"line":38,"column":2},"end":{"line":84,"column":4}},"23":{"start":{"line":49,"column":29},"end":{"line":49,"column":52}},"24":{"start":{"line":60,"column":29},"end":{"line":60,"column":53}},"25":{"start":{"line":70,"column":29},"end":{"line":70,"column":54}},"26":{"start":{"line":78,"column":48},"end":{"line":78,"column":60}}},"fnMap":{"0":{"name":"(anonymous_0)","decl":{"start":{"line":6,"column":24},"end":{"line":6,"column":25}},"loc":{"start":{"line":6,"column":30},"end":{"line":85,"column":1}},"line":6},"1":{"name":"(anonymous_1)","decl":{"start":{"line":15,"column":23},"end":{"line":15,"column":24}},"loc":{"start":{"line":15,"column":36},"end":{"line":36,"column":3}},"line":15},"2":{"name":"(anonymous_2)","decl":{"start":{"line":49,"column":22},"end":{"line":49,"column":23}},"loc":{"start":{"line":49,"column":29},"end":{"line":49,"column":52}},"line":49},"3":{"name":"(anonymous_3)","decl":{"start":{"line":60,"column":22},"end":{"line":60,"column":23}},"loc":{"start":{"line":60,"column":29},"end":{"line":60,"column":53}},"line":60},"4":{"name":"(anonymous_4)","decl":{"start":{"line":70,"column":22},"end":{"line":70,"column":23}},"loc":{"start":{"line":70,"column":29},"end":{"line":70,"column":54}},"line":70},"5":{"name":"(anonymous_5)","decl":{"start":{"line":78,"column":42},"end":{"line":78,"column":43}},"loc":{"start":{"line":78,"column":48},"end":{"line":78,"column":60}},"line":78}},"branchMap":{"0":{"loc":{"start":{"line":20,"column":4},"end":{"line":24,"column":5}},"type":"if","locations":[{"start":{"line":20,"column":4},"end":{"line":24,"column":5}},{"start":{},"end":{}}],"line":20},"1":{"loc":{"start":{"line":32,"column":15},"end":{"line":32,"column":73}},"type":"binary-expr","locations":[{"start":{"line":32,"column":15},"end":{"line":32,"column":26}},{"start":{"line":32,"column":30},"end":{"line":32,"column":73}}],"line":32},"2":{"loc":{"start":{"line":42,"column":9},"end":{"line":42,"column":62}},"type":"binary-expr","locations":[{"start":{"line":42,"column":9},"end":{"line":42,"column":14}},{"start":{"line":42,"column":18},"end":{"line":42,"column":62}}],"line":42},"3":{"loc":{"start":{"line":76,"column":13},"end":{"line":76,"column":51}},"type":"cond-expr","locations":[{"start":{"line":76,"column":23},"end":{"line":76,"column":34}},{"start":{"line":76,"column":37},"end":{"line":76,"column":51}}],"line":76}},"s":{"0":0,"1":0,"2":0,"3":0,"4":0,"5":0,"6":0,"7":0,"8":0,"9":0,"10":0,"11":0,"12":0,"13":0,"14":0,"15":0,"16":0,"17":0,"18":0,"19":0,"20":0,"21":0,"22":0,"23":0,"24":0,"25":0,"26":0},"f":{"0":0,"1":0,"2":0,"3":0,"4":0,"5":0},"b":{"0":[0,0],"1":[0,0],"2":[0,0],"3":[0,0]}}
,"C:\\Users\\seth\\Desktop\\Software-Construction\\Order-Management\\src\\components\\Management\\AddProductForm.js": {"path":"C:\\Users\\seth\\Desktop\\Software-Construction\\Order-Management\\src\\components\\Management\\AddProductForm.js","statementMap":{"0":{"start":{"line":6,"column":23},"end":{"line":89,"column":1}},"1":{"start":{"line":7,"column":26},"end":{"line":7,"column":38}},"2":{"start":{"line":8,"column":40},"end":{"line":8,"column":52}},"3":{"start":{"line":9,"column":28},"end":{"line":9,"column":40}},"4":{"start":{"line":10,"column":28},"end":{"line":10,"column":42}},"5":{"start":{"line":11,"column":32},"end":{"line":11,"column":47}},"6":{"start":{"line":12,"column":25},"end":{"line":12,"column":36}},"7":{"start":{"line":13,"column":19},"end":{"line":13,"column":32}},"8":{"start":{"line":15,"column":23},"end":{"line":37,"column":3}},"9":{"start":{"line":16,"column":4},"end":{"line":16,"column":23}},"10":{"start":{"line":17,"column":4},"end":{"line":17,"column":19}},"11":{"start":{"line":18,"column":4},"end":{"line":18,"column":21}},"12":{"start":{"line":20,"column":24},"end":{"line":20,"column":41}},"13":{"start":{"line":21,"column":4},"end":{"line":25,"column":5}},"14":{"start":{"line":22,"column":6},"end":{"line":22,"column":61}},"15":{"start":{"line":23,"column":6},"end":{"line":23,"column":24}},"16":{"start":{"line":24,"column":6},"end":{"line":24,"column":13}},"17":{"start":{"line":27,"column":4},"end":{"line":36,"column":5}},"18":{"start":{"line":28,"column":6},"end":{"line":28,"column":66}},"19":{"start":{"line":30,"column":6},"end":{"line":30,"column":26}},"20":{"start":{"line":32,"column":6},"end":{"line":32,"column":51}},"21":{"start":{"line":33,"column":6},"end":{"line":33,"column":74}},"22":{"start":{"line":35,"column":6},"end":{"line":35,"column":24}},"23":{"start":{"line":39,"column":2},"end":{"line":88,"column":4}},"24":{"start":{"line":50,"column":29},"end":{"line":50,"column":52}},"25":{"start":{"line":60,"column":29},"end":{"line":60,"column":59}},"26":{"start":{"line":71,"column":29},"end":{"line":71,"column":53}},"27":{"start":{"line":82,"column":48},"end":{"line":82,"column":60}}},"fnMap":{"0":{"name":"(anonymous_0)","decl":{"start":{"line":6,"column":23},"end":{"line":6,"column":24}},"loc":{"start":{"line":6,"column":29},"end":{"line":89,"column":1}},"line":6},"1":{"name":"(anonymous_1)","decl":{"start":{"line":15,"column":23},"end":{"line":15,"column":24}},"loc":{"start":{"line":15,"column":36},"end":{"line":37,"column":3}},"line":15},"2":{"name":"(anonymous_2)","decl":{"start":{"line":50,"column":22},"end":{"line":50,"column":23}},"loc":{"start":{"line":50,"column":29},"end":{"line":50,"column":52}},"line":50},"3":{"name":"(anonymous_3)","decl":{"start":{"line":60,"column":22},"end":{"line":60,"column":23}},"loc":{"start":{"line":60,"column":29},"end":{"line":60,"column":59}},"line":60},"4":{"name":"(anonymous_4)","decl":{"start":{"line":71,"column":22},"end":{"line":71,"column":23}},"loc":{"start":{"line":71,"column":29},"end":{"line":71,"column":53}},"line":71},"5":{"name":"(anonymous_5)","decl":{"start":{"line":82,"column":42},"end":{"line":82,"column":43}},"loc":{"start":{"line":82,"column":48},"end":{"line":82,"column":60}},"line":82}},"branchMap":{"0":{"loc":{"start":{"line":21,"column":4},"end":{"line":25,"column":5}},"type":"if","locations":[{"start":{"line":21,"column":4},"end":{"line":25,"column":5}},{"start":{},"end":{}}],"line":21},"1":{"loc":{"start":{"line":21,"column":8},"end":{"line":21,"column":45}},"type":"binary-expr","locations":[{"start":{"line":21,"column":8},"end":{"line":21,"column":26}},{"start":{"line":21,"column":30},"end":{"line":21,"column":45}}],"line":21},"2":{"loc":{"start":{"line":33,"column":15},"end":{"line":33,"column":72}},"type":"binary-expr","locations":[{"start":{"line":33,"column":15},"end":{"line":33,"column":26}},{"start":{"line":33,"column":30},"end":{"line":33,"column":72}}],"line":33},"3":{"loc":{"start":{"line":43,"column":9},"end":{"line":43,"column":62}},"type":"binary-expr","locations":[{"start":{"line":43,"column":9},"end":{"line":43,"column":14}},{"start":{"line":43,"column":18},"end":{"line":43,"column":62}}],"line":43},"4":{"loc":{"start":{"line":80,"column":13},"end":{"line":80,"column":50}},"type":"cond-expr","locations":[{"start":{"line":80,"column":23},"end":{"line":80,"column":34}},{"start":{"line":80,"column":37},"end":{"line":80,"column":50}}],"line":80}},"s":{"0":0,"1":0,"2":0,"3":0,"4":0,"5":0,"6":0,"7":0,"8":0,"9":0,"10":0,"11":0,"12":0,"13":0,"14":0,"15":0,"16":0,"17":0,"18":0,"19":0,"20":0,"21":0,"22":0,"23":0,"24":0,"25":0,"26":0,"27":0},"f":{"0":0,"1":0,"2":0,"3":0,"4":0,"5":0},"b":{"0":[0,0],"1":[0,0],"2":[0,0],"3":[0,0],"4":[0,0]}}
,"C:\\Users\\seth\\Desktop\\Software-Construction\\Order-Management\\src\\components\\Orders\\OrderList.js": {"path":"C:\\Users\\seth\\Desktop\\Software-Construction\\Order-Management\\src\\components\\Orders\\OrderList.js","statementMap":{"0":{"start":{"line":6,"column":18},"end":{"line":83,"column":1}},"1":{"start":{"line":13,"column":6},"end":{"line":13,"column":17}},"2":{"start":{"line":15,"column":21},"end":{"line":31,"column":3}},"3":{"start":{"line":18,"column":4},"end":{"line":30,"column":5}},"4":{"start":{"line":19,"column":24},"end":{"line":22,"column":7}},"5":{"start":{"line":24,"column":6},"end":{"line":26,"column":7}},"6":{"start":{"line":25,"column":8},"end":{"line":25,"column":59}},"7":{"start":{"line":28,"column":6},"end":{"line":28,"column":50}},"8":{"start":{"line":29,"column":6},"end":{"line":29,"column":57}},"9":{"start":{"line":33,"column":23},"end":{"line":40,"column":3}},"10":{"start":{"line":34,"column":4},"end":{"line":39,"column":5}},"11":{"start":{"line":35,"column":6},"end":{"line":35,"column":33}},"12":{"start":{"line":37,"column":6},"end":{"line":37,"column":50}},"13":{"start":{"line":38,"column":6},"end":{"line":38,"column":57}},"14":{"start":{"line":42,"column":2},"end":{"line":49,"column":3}},"15":{"start":{"line":43,"column":4},"end":{"line":48,"column":6}},"16":{"start":{"line":51,"column":2},"end":{"line":59,"column":3}},"17":{"start":{"line":52,"column":4},"end":{"line":58,"column":6}},"18":{"start":{"line":61,"column":2},"end":{"line":69,"column":3}},"19":{"start":{"line":62,"column":4},"end":{"line":68,"column":6}},"20":{"start":{"line":71,"column":2},"end":{"line":82,"column":4}},"21":{"start":{"line":74,"column":8},"end":{"line":79,"column":10}}},"fnMap":{"0":{"name":"(anonymous_0)","decl":{"start":{"line":6,"column":18},"end":{"line":6,"column":19}},"loc":{"start":{"line":6,"column":24},"end":{"line":83,"column":1}},"line":6},"1":{"name":"(anonymous_1)","decl":{"start":{"line":15,"column":21},"end":{"line":15,"column":22}},"loc":{"start":{"line":15,"column":38},"end":{"line":31,"column":3}},"line":15},"2":{"name":"(anonymous_2)","decl":{"start":{"line":33,"column":23},"end":{"line":33,"column":24}},"loc":{"start":{"line":33,"column":42},"end":{"line":40,"column":3}},"line":33},"3":{"name":"(anonymous_3)","decl":{"start":{"line":73,"column":32},"end":{"line":73,"column":33}},"loc":{"start":{"line":74,"column":8},"end":{"line":79,"column":10}},"line":74}},"branchMap":{"0":{"loc":{"start":{"line":24,"column":6},"end":{"line":26,"column":7}},"type":"if","locations":[{"start":{"line":24,"column":6},"end":{"line":26,"column":7}},{"start":{},"end":{}}],"line":24},"1":{"loc":{"start":{"line":24,"column":10},"end":{"line":24,"column":49}},"type":"binary-expr","locations":[{"start":{"line":24,"column":10},"end":{"line":24,"column":19}},{"start":{"line":24,"column":23},"end":{"line":24,"column":49}}],"line":24},"2":{"loc":{"start":{"line":42,"column":2},"end":{"line":49,"column":3}},"type":"if","locations":[{"start":{"line":42,"column":2},"end":{"line":49,"column":3}},{"start":{},"end":{}}],"line":42},"3":{"loc":{"start":{"line":51,"column":2},"end":{"line":59,"column":3}},"type":"if","locations":[{"start":{"line":51,"column":2},"end":{"line":59,"column":3}},{"start":{},"end":{}}],"line":51},"4":{"loc":{"start":{"line":56,"column":12},"end":{"line":56,"column":64}},"type":"binary-expr","locations":[{"start":{"line":56,"column":12},"end":{"line":56,"column":17}},{"start":{"line":56,"column":21},"end":{"line":56,"column":64}}],"line":56},"5":{"loc":{"start":{"line":61,"column":2},"end":{"line":69,"column":3}},"type":"if","locations":[{"start":{"line":61,"column":2},"end":{"line":69,"column":3}},{"start":{},"end":{}}],"line":61}},"s":{"0":1,"1":6,"2":6,"3":0,"4":0,"5":0,"6":0,"7":0,"8":0,"9":6,"10":0,"11":0,"12":0,"13":0,"14":6,"15":0,"16":6,"17":3,"18":3,"19":3,"20":0,"21":0},"f":{"0":6,"1":0,"2":0,"3":0},"b":{"0":[0,0],"1":[0,0],"2":[0,6],"3":[3,3],"4":[3,0],"5":[3,0]},"_coverageSchema":"1a1c01bbd47fc00a2c39e90264f33305004495a9","hash":"604b08c4947a13abdade6eba9a2b6ea0a8b1deb7"}
,"C:\\Users\\seth\\Desktop\\Software-Construction\\Order-Management\\src\\context\\AuthContext.js": {"path":"C:\\Users\\seth\\Desktop\\Software-Construction\\Order-Management\\src\\context\\AuthContext.js","statementMap":{"0":{"start":{"line":4,"column":20},"end":{"line":4,"column":35}},"1":{"start":{"line":8,"column":18},"end":{"line":10,"column":2}},"2":{"start":{"line":12,"column":28},"end":{"line":234,"column":1}},"3":{"start":{"line":13,"column":40},"end":{"line":13,"column":54}},"4":{"start":{"line":14,"column":32},"end":{"line":14,"column":46}},"5":{"start":{"line":15,"column":28},"end":{"line":15,"column":42}},"6":{"start":{"line":17,"column":18},"end":{"line":17,"column":74}},"7":{"start":{"line":19,"column":2},"end":{"line":28,"column":9}},"8":{"start":{"line":21,"column":18},"end":{"line":21,"column":47}},"9":{"start":{"line":22,"column":4},"end":{"line":26,"column":5}},"10":{"start":{"line":23,"column":6},"end":{"line":23,"column":30}},"11":{"start":{"line":25,"column":6},"end":{"line":25,"column":24}},"12":{"start":{"line":32,"column":27},"end":{"line":48,"column":15}},"13":{"start":{"line":33,"column":4},"end":{"line":47,"column":5}},"14":{"start":{"line":35,"column":23},"end":{"line":37,"column":8}},"15":{"start":{"line":38,"column":6},"end":{"line":38,"column":36}},"16":{"start":{"line":39,"column":6},"end":{"line":39,"column":21}},"17":{"start":{"line":41,"column":6},"end":{"line":41,"column":52}},"18":{"start":{"line":42,"column":6},"end":{"line":42,"column":39}},"19":{"start":{"line":43,"column":6},"end":{"line":43,"column":27}},"20":{"start":{"line":44,"column":6},"end":{"line":44,"column":62}},"21":{"start":{"line":46,"column":6},"end":{"line":46,"column":24}},"22":{"start":{"line":50,"column":16},"end":{"line":96,"column":3}},"23":{"start":{"line":51,"column":4},"end":{"line":51,"column":21}},"24":{"start":{"line":52,"column":4},"end":{"line":52,"column":19}},"25":{"start":{"line":54,"column":4},"end":{"line":95,"column":5}},"26":{"start":{"line":56,"column":23},"end":{"line":59,"column":8}},"27":{"start":{"line":62,"column":34},"end":{"line":62,"column":47}},"28":{"start":{"line":64,"column":6},"end":{"line":75,"column":7}},"29":{"start":{"line":66,"column":8},"end":{"line":66,"column":46}},"30":{"start":{"line":68,"column":8},"end":{"line":68,"column":54}},"31":{"start":{"line":71,"column":8},"end":{"line":71,"column":39}},"32":{"start":{"line":72,"column":8},"end":{"line":72,"column":20}},"33":{"start":{"line":74,"column":8},"end":{"line":74,"column":45}},"34":{"start":{"line":77,"column":6},"end":{"line":77,"column":44}},"35":{"start":{"line":78,"column":6},"end":{"line":78,"column":27}},"36":{"start":{"line":80,"column":6},"end":{"line":90,"column":7}},"37":{"start":{"line":81,"column":8},"end":{"line":87,"column":9}},"38":{"start":{"line":82,"column":10},"end":{"line":82,"column":60}},"39":{"start":{"line":83,"column":15},"end":{"line":87,"column":9}},"40":{"start":{"line":84,"column":10},"end":{"line":84,"column":47}},"41":{"start":{"line":86,"column":10},"end":{"line":86,"column":61}},"42":{"start":{"line":89,"column":8},"end":{"line":89,"column":78}},"43":{"start":{"line":92,"column":6},"end":{"line":92,"column":19}},"44":{"start":{"line":94,"column":6},"end":{"line":94,"column":24}},"45":{"start":{"line":98,"column":19},"end":{"line":139,"column":3}},"46":{"start":{"line":99,"column":4},"end":{"line":99,"column":21}},"47":{"start":{"line":100,"column":4},"end":{"line":100,"column":19}},"48":{"start":{"line":102,"column":4},"end":{"line":138,"column":5}},"49":{"start":{"line":103,"column":23},"end":{"line":103,"column":83}},"50":{"start":{"line":105,"column":6},"end":{"line":113,"column":7}},"51":{"start":{"line":106,"column":8},"end":{"line":106,"column":60}},"52":{"start":{"line":108,"column":8},"end":{"line":108,"column":68}},"53":{"start":{"line":109,"column":8},"end":{"line":109,"column":43}},"54":{"start":{"line":110,"column":8},"end":{"line":110,"column":20}},"55":{"start":{"line":112,"column":8},"end":{"line":112,"column":73}},"56":{"start":{"line":115,"column":6},"end":{"line":115,"column":51}},"57":{"start":{"line":117,"column":6},"end":{"line":133,"column":7}},"58":{"start":{"line":119,"column":23},"end":{"line":119,"column":25}},"59":{"start":{"line":120,"column":8},"end":{"line":124,"column":9}},"60":{"start":{"line":121,"column":10},"end":{"line":123,"column":11}},"61":{"start":{"line":122,"column":12},"end":{"line":122,"column":77}},"62":{"start":{"line":126,"column":8},"end":{"line":130,"column":9}},"63":{"start":{"line":127,"column":10},"end":{"line":127,"column":38}},"64":{"start":{"line":129,"column":10},"end":{"line":129,"column":88}},"65":{"start":{"line":132,"column":8},"end":{"line":132,"column":85}},"66":{"start":{"line":135,"column":6},"end":{"line":135,"column":19}},"67":{"start":{"line":137,"column":6},"end":{"line":137,"column":24}},"68":{"start":{"line":142,"column":17},"end":{"line":148,"column":8}},"69":{"start":{"line":143,"column":4},"end":{"line":143,"column":37}},"70":{"start":{"line":144,"column":4},"end":{"line":144,"column":44}},"71":{"start":{"line":145,"column":4},"end":{"line":145,"column":25}},"72":{"start":{"line":147,"column":4},"end":{"line":147,"column":62}},"73":{"start":{"line":151,"column":23},"end":{"line":180,"column":23}},"74":{"start":{"line":152,"column":32},"end":{"line":152,"column":68}},"75":{"start":{"line":153,"column":4},"end":{"line":156,"column":5}},"76":{"start":{"line":154,"column":6},"end":{"line":154,"column":15}},"77":{"start":{"line":155,"column":6},"end":{"line":155,"column":58}},"78":{"start":{"line":158,"column":4},"end":{"line":179,"column":5}},"79":{"start":{"line":159,"column":6},"end":{"line":159,"column":49}},"80":{"start":{"line":161,"column":23},"end":{"line":163,"column":8}},"81":{"start":{"line":165,"column":25},"end":{"line":165,"column":38}},"82":{"start":{"line":166,"column":6},"end":{"line":174,"column":7}},"83":{"start":{"line":167,"column":8},"end":{"line":167,"column":53}},"84":{"start":{"line":168,"column":8},"end":{"line":168,"column":46}},"85":{"start":{"line":170,"column":8},"end":{"line":170,"column":80}},"86":{"start":{"line":171,"column":8},"end":{"line":171,"column":22}},"87":{"start":{"line":173,"column":8},"end":{"line":173,"column":56}},"88":{"start":{"line":176,"column":6},"end":{"line":176,"column":52}},"89":{"start":{"line":177,"column":6},"end":{"line":177,"column":15}},"90":{"start":{"line":178,"column":6},"end":{"line":178,"column":35}},"91":{"start":{"line":183,"column":2},"end":{"line":212,"column":21}},"92":{"start":{"line":184,"column":24},"end":{"line":206,"column":5}},"93":{"start":{"line":185,"column":20},"end":{"line":185,"column":28}},"94":{"start":{"line":187,"column":32},"end":{"line":187,"column":44}},"95":{"start":{"line":189,"column":8},"end":{"line":202,"column":9}},"96":{"start":{"line":190,"column":10},"end":{"line":190,"column":40}},"97":{"start":{"line":191,"column":10},"end":{"line":201,"column":11}},"98":{"start":{"line":192,"column":12},"end":{"line":192,"column":73}},"99":{"start":{"line":193,"column":35},"end":{"line":193,"column":55}},"100":{"start":{"line":195,"column":12},"end":{"line":195,"column":82}},"101":{"start":{"line":197,"column":12},"end":{"line":197,"column":46}},"102":{"start":{"line":200,"column":12},"end":{"line":200,"column":48}},"103":{"start":{"line":204,"column":8},"end":{"line":204,"column":37}},"104":{"start":{"line":209,"column":4},"end":{"line":211,"column":6}},"105":{"start":{"line":210,"column":6},"end":{"line":210,"column":57}},"106":{"start":{"line":216,"column":2},"end":{"line":221,"column":9}},"107":{"start":{"line":217,"column":18},"end":{"line":217,"column":47}},"108":{"start":{"line":218,"column":4},"end":{"line":220,"column":5}},"109":{"start":{"line":219,"column":6},"end":{"line":219,"column":77}},"110":{"start":{"line":224,"column":16},"end":{"line":231,"column":3}},"111":{"start":{"line":233,"column":2},"end":{"line":233,"column":79}},"112":{"start":{"line":236,"column":23},"end":{"line":238,"column":1}},"113":{"start":{"line":237,"column":2},"end":{"line":237,"column":33}}},"fnMap":{"0":{"name":"(anonymous_0)","decl":{"start":{"line":12,"column":28},"end":{"line":12,"column":29}},"loc":{"start":{"line":12,"column":46},"end":{"line":234,"column":1}},"line":12},"1":{"name":"(anonymous_1)","decl":{"start":{"line":19,"column":12},"end":{"line":19,"column":13}},"loc":{"start":{"line":19,"column":18},"end":{"line":28,"column":3}},"line":19},"2":{"name":"(anonymous_2)","decl":{"start":{"line":32,"column":45},"end":{"line":32,"column":46}},"loc":{"start":{"line":32,"column":68},"end":{"line":48,"column":3}},"line":32},"3":{"name":"(anonymous_3)","decl":{"start":{"line":50,"column":16},"end":{"line":50,"column":17}},"loc":{"start":{"line":50,"column":46},"end":{"line":96,"column":3}},"line":50},"4":{"name":"(anonymous_4)","decl":{"start":{"line":98,"column":19},"end":{"line":98,"column":20}},"loc":{"start":{"line":98,"column":39},"end":{"line":139,"column":3}},"line":98},"5":{"name":"(anonymous_5)","decl":{"start":{"line":142,"column":29},"end":{"line":142,"column":30}},"loc":{"start":{"line":142,"column":35},"end":{"line":148,"column":3}},"line":142},"6":{"name":"(anonymous_6)","decl":{"start":{"line":151,"column":35},"end":{"line":151,"column":36}},"loc":{"start":{"line":151,"column":47},"end":{"line":180,"column":3}},"line":151},"7":{"name":"(anonymous_7)","decl":{"start":{"line":183,"column":12},"end":{"line":183,"column":13}},"loc":{"start":{"line":183,"column":18},"end":{"line":212,"column":3}},"line":183},"8":{"name":"(anonymous_8)","decl":{"start":{"line":185,"column":6},"end":{"line":185,"column":7}},"loc":{"start":{"line":185,"column":20},"end":{"line":185,"column":28}},"line":185},"9":{"name":"(anonymous_9)","decl":{"start":{"line":186,"column":6},"end":{"line":186,"column":7}},"loc":{"start":{"line":186,"column":23},"end":{"line":205,"column":7}},"line":186},"10":{"name":"(anonymous_10)","decl":{"start":{"line":209,"column":11},"end":{"line":209,"column":12}},"loc":{"start":{"line":209,"column":17},"end":{"line":211,"column":5}},"line":209},"11":{"name":"(anonymous_11)","decl":{"start":{"line":216,"column":12},"end":{"line":216,"column":13}},"loc":{"start":{"line":216,"column":18},"end":{"line":221,"column":3}},"line":216},"12":{"name":"(anonymous_12)","decl":{"start":{"line":236,"column":23},"end":{"line":236,"column":24}},"loc":{"start":{"line":236,"column":29},"end":{"line":238,"column":1}},"line":236}},"branchMap":{"0":{"loc":{"start":{"line":9,"column":11},"end":{"line":9,"column":67}},"type":"binary-expr","locations":[{"start":{"line":9,"column":11},"end":{"line":9,"column":40}},{"start":{"line":9,"column":44},"end":{"line":9,"column":67}}],"line":9},"1":{"loc":{"start":{"line":17,"column":18},"end":{"line":17,"column":74}},"type":"binary-expr","locations":[{"start":{"line":17,"column":18},"end":{"line":17,"column":47}},{"start":{"line":17,"column":51},"end":{"line":17,"column":74}}],"line":17},"2":{"loc":{"start":{"line":22,"column":4},"end":{"line":26,"column":5}},"type":"if","locations":[{"start":{"line":22,"column":4},"end":{"line":26,"column":5}},{"start":{"line":24,"column":11},"end":{"line":26,"column":5}}],"line":22},"3":{"loc":{"start":{"line":64,"column":6},"end":{"line":75,"column":7}},"type":"if","locations":[{"start":{"line":64,"column":6},"end":{"line":75,"column":7}},{"start":{"line":73,"column":13},"end":{"line":75,"column":7}}],"line":64},"4":{"loc":{"start":{"line":80,"column":6},"end":{"line":90,"column":7}},"type":"if","locations":[{"start":{"line":80,"column":6},"end":{"line":90,"column":7}},{"start":{"line":88,"column":13},"end":{"line":90,"column":7}}],"line":80},"5":{"loc":{"start":{"line":80,"column":10},"end":{"line":80,"column":47}},"type":"binary-expr","locations":[{"start":{"line":80,"column":10},"end":{"line":80,"column":24}},{"start":{"line":80,"column":28},"end":{"line":80,"column":47}}],"line":80},"6":{"loc":{"start":{"line":81,"column":8},"end":{"line":87,"column":9}},"type":"if","locations":[{"start":{"line":81,"column":8},"end":{"line":87,"column":9}},{"start":{"line":83,"column":15},"end":{"line":87,"column":9}}],"line":81},"7":{"loc":{"start":{"line":83,"column":15},"end":{"line":87,"column":9}},"type":"if","locations":[{"start":{"line":83,"column":15},"end":{"line":87,"column":9}},{"start":{"line":85,"column":15},"end":{"line":87,"column":9}}],"line":83},"8":{"loc":{"start":{"line":105,"column":6},"end":{"line":113,"column":7}},"type":"if","locations":[{"start":{"line":105,"column":6},"end":{"line":113,"column":7}},{"start":{"line":111,"column":13},"end":{"line":113,"column":7}}],"line":105},"9":{"loc":{"start":{"line":117,"column":6},"end":{"line":133,"column":7}},"type":"if","locations":[{"start":{"line":117,"column":6},"end":{"line":133,"column":7}},{"start":{"line":131,"column":13},"end":{"line":133,"column":7}}],"line":117},"10":{"loc":{"start":{"line":117,"column":10},"end":{"line":117,"column":47}},"type":"binary-expr","locations":[{"start":{"line":117,"column":10},"end":{"line":117,"column":24}},{"start":{"line":117,"column":28},"end":{"line":117,"column":47}}],"line":117},"11":{"loc":{"start":{"line":121,"column":10},"end":{"line":123,"column":11}},"type":"if","locations":[{"start":{"line":121,"column":10},"end":{"line":123,"column":11}},{"start":{},"end":{}}],"line":121},"12":{"loc":{"start":{"line":126,"column":8},"end":{"line":130,"column":9}},"type":"if","locations":[{"start":{"line":126,"column":8},"end":{"line":130,"column":9}},{"start":{"line":128,"column":15},"end":{"line":130,"column":9}}],"line":126},"13":{"loc":{"start":{"line":153,"column":4},"end":{"line":156,"column":5}},"type":"if","locations":[{"start":{"line":153,"column":4},"end":{"line":156,"column":5}},{"start":{},"end":{}}],"line":153},"14":{"loc":{"start":{"line":166,"column":6},"end":{"line":174,"column":7}},"type":"if","locations":[{"start":{"line":166,"column":6},"end":{"line":174,"column":7}},{"start":{"line":172,"column":13},"end":{"line":174,"column":7}}],"line":166},"15":{"loc":{"start":{"line":189,"column":8},"end":{"line":202,"column":9}},"type":"if","locations":[{"start":{"line":189,"column":8},"end":{"line":202,"column":9}},{"start":{},"end":{}}],"line":189},"16":{"loc":{"start":{"line":189,"column":12},"end":{"line":189,"column":69}},"type":"binary-expr","locations":[{"start":{"line":189,"column":12},"end":{"line":189,"column":42}},{"start":{"line":189,"column":46},"end":{"line":189,"column":69}}],"line":189},"17":{"loc":{"start":{"line":218,"column":4},"end":{"line":220,"column":5}},"type":"if","locations":[{"start":{"line":218,"column":4},"end":{"line":220,"column":5}},{"start":{},"end":{}}],"line":218}},"s":{"0":2,"1":2,"2":2,"3":4,"4":4,"5":4,"6":4,"7":4,"8":2,"9":2,"10":0,"11":2,"12":4,"13":0,"14":0,"15":0,"16":0,"17":0,"18":0,"19":0,"20":0,"21":0,"22":4,"23":0,"24":0,"25":0,"26":0,"27":0,"28":0,"29":0,"30":0,"31":0,"32":0,"33":0,"34":0,"35":0,"36":0,"37":0,"38":0,"39":0,"40":0,"41":0,"42":0,"43":0,"44":0,"45":4,"46":0,"47":0,"48":0,"49":0,"50":0,"51":0,"52":0,"53":0,"54":0,"55":0,"56":0,"57":0,"58":0,"59":0,"60":0,"61":0,"62":0,"63":0,"64":0,"65":0,"66":0,"67":0,"68":4,"69":0,"70":0,"71":0,"72":0,"73":4,"74":0,"75":0,"76":0,"77":0,"78":0,"79":0,"80":0,"81":0,"82":0,"83":0,"84":0,"85":0,"86":0,"87":0,"88":0,"89":0,"90":0,"91":4,"92":2,"93":0,"94":0,"95":0,"96":0,"97":0,"98":0,"99":0,"100":0,"101":0,"102":0,"103":0,"104":2,"105":2,"106":4,"107":2,"108":2,"109":0,"110":4,"111":4,"112":2,"113":6},"f":{"0":4,"1":2,"2":0,"3":0,"4":0,"5":0,"6":0,"7":2,"8":0,"9":0,"10":2,"11":2,"12":6},"b":{"0":[2,0],"1":[4,0],"2":[0,2],"3":[0,0],"4":[0,0],"5":[0,0],"6":[0,0],"7":[0,0],"8":[0,0],"9":[0,0],"10":[0,0],"11":[0,0],"12":[0,0],"13":[0,0],"14":[0,0],"15":[0,0],"16":[0,0],"17":[0,2]},"_coverageSchema":"1a1c01bbd47fc00a2c39e90264f33305004495a9","hash":"b3300b1429167e0b627ae0a5eabe258e14cbbeca"}
,"C:\\Users\\seth\\Desktop\\Software-Construction\\Order-Management\\src\\context\\OrderContext.js": {"path":"C:\\Users\\seth\\Desktop\\Software-Construction\\Order-Management\\src\\context\\OrderContext.js","statementMap":{"0":{"start":{"line":6,"column":21},"end":{"line":6,"column":36}},"1":{"start":{"line":9,"column":21},"end":{"line":28,"column":1}},"2":{"start":{"line":31,"column":16},"end":{"line":46,"column":1}},"3":{"start":{"line":50,"column":2},"end":{"line":121,"column":3}},"4":{"start":{"line":52,"column":6},"end":{"line":52,"column":54}},"5":{"start":{"line":55,"column":6},"end":{"line":60,"column":8}},"6":{"start":{"line":63,"column":6},"end":{"line":63,"column":65}},"7":{"start":{"line":67,"column":6},"end":{"line":70,"column":8}},"8":{"start":{"line":73,"column":28},"end":{"line":75,"column":7}},"9":{"start":{"line":74,"column":8},"end":{"line":74,"column":80}},"10":{"start":{"line":76,"column":6},"end":{"line":76,"column":49}},"11":{"start":{"line":80,"column":6},"end":{"line":83,"column":8}},"12":{"start":{"line":82,"column":45},"end":{"line":82,"column":72}},"13":{"start":{"line":86,"column":6},"end":{"line":89,"column":8}},"14":{"start":{"line":92,"column":6},"end":{"line":99,"column":8}},"15":{"start":{"line":102,"column":6},"end":{"line":102,"column":78}},"16":{"start":{"line":105,"column":6},"end":{"line":105,"column":83}},"17":{"start":{"line":108,"column":6},"end":{"line":108,"column":72}},"18":{"start":{"line":111,"column":6},"end":{"line":111,"column":76}},"19":{"start":{"line":114,"column":6},"end":{"line":114,"column":81}},"20":{"start":{"line":117,"column":6},"end":{"line":117,"column":70}},"21":{"start":{"line":120,"column":6},"end":{"line":120,"column":19}},"22":{"start":{"line":125,"column":29},"end":{"line":449,"column":1}},"23":{"start":{"line":126,"column":28},"end":{"line":136,"column":4}},"24":{"start":{"line":138,"column":58},"end":{"line":138,"column":70}},"25":{"start":{"line":141,"column":28},"end":{"line":141,"column":94}},"26":{"start":{"line":144,"column":22},"end":{"line":165,"column":25}},"27":{"start":{"line":145,"column":4},"end":{"line":145,"column":51}},"28":{"start":{"line":147,"column":4},"end":{"line":164,"column":5}},"29":{"start":{"line":149,"column":23},"end":{"line":151,"column":8}},"30":{"start":{"line":153,"column":6},"end":{"line":156,"column":9}},"31":{"start":{"line":158,"column":6},"end":{"line":158,"column":53}},"32":{"start":{"line":160,"column":6},"end":{"line":163,"column":9}},"33":{"start":{"line":168,"column":19},"end":{"line":185,"column":3}},"34":{"start":{"line":169,"column":4},"end":{"line":184,"column":5}},"35":{"start":{"line":171,"column":23},"end":{"line":173,"column":8}},"36":{"start":{"line":175,"column":6},"end":{"line":178,"column":9}},"37":{"start":{"line":180,"column":6},"end":{"line":180,"column":27}},"38":{"start":{"line":182,"column":6},"end":{"line":182,"column":50}},"39":{"start":{"line":183,"column":6},"end":{"line":183,"column":42}},"40":{"start":{"line":188,"column":22},"end":{"line":207,"column":3}},"41":{"start":{"line":190,"column":4},"end":{"line":190,"column":91}},"42":{"start":{"line":191,"column":4},"end":{"line":206,"column":5}},"43":{"start":{"line":193,"column":23},"end":{"line":195,"column":8}},"44":{"start":{"line":197,"column":6},"end":{"line":200,"column":9}},"45":{"start":{"line":202,"column":6},"end":{"line":202,"column":27}},"46":{"start":{"line":204,"column":6},"end":{"line":204,"column":52}},"47":{"start":{"line":205,"column":6},"end":{"line":205,"column":42}},"48":{"start":{"line":210,"column":22},"end":{"line":229,"column":3}},"49":{"start":{"line":212,"column":4},"end":{"line":212,"column":91}},"50":{"start":{"line":213,"column":4},"end":{"line":228,"column":5}},"51":{"start":{"line":215,"column":6},"end":{"line":217,"column":9}},"52":{"start":{"line":219,"column":6},"end":{"line":222,"column":9}},"53":{"start":{"line":224,"column":6},"end":{"line":224,"column":18}},"54":{"start":{"line":226,"column":6},"end":{"line":226,"column":52}},"55":{"start":{"line":227,"column":6},"end":{"line":227,"column":42}},"56":{"start":{"line":232,"column":20},"end":{"line":237,"column":3}},"57":{"start":{"line":233,"column":4},"end":{"line":236,"column":7}},"58":{"start":{"line":240,"column":18},"end":{"line":245,"column":3}},"59":{"start":{"line":241,"column":4},"end":{"line":244,"column":7}},"60":{"start":{"line":248,"column":25},"end":{"line":268,"column":25}},"61":{"start":{"line":249,"column":4},"end":{"line":249,"column":54}},"62":{"start":{"line":251,"column":4},"end":{"line":267,"column":5}},"63":{"start":{"line":253,"column":23},"end":{"line":255,"column":8}},"64":{"start":{"line":257,"column":6},"end":{"line":260,"column":9}},"65":{"start":{"line":262,"column":6},"end":{"line":262,"column":56}},"66":{"start":{"line":263,"column":6},"end":{"line":266,"column":9}},"67":{"start":{"line":271,"column":24},"end":{"line":291,"column":25}},"68":{"start":{"line":272,"column":4},"end":{"line":272,"column":53}},"69":{"start":{"line":274,"column":4},"end":{"line":290,"column":5}},"70":{"start":{"line":276,"column":23},"end":{"line":278,"column":8}},"71":{"start":{"line":280,"column":6},"end":{"line":283,"column":9}},"72":{"start":{"line":285,"column":6},"end":{"line":285,"column":55}},"73":{"start":{"line":286,"column":6},"end":{"line":289,"column":9}},"74":{"start":{"line":294,"column":23},"end":{"line":317,"column":25}},"75":{"start":{"line":296,"column":4},"end":{"line":296,"column":104}},"76":{"start":{"line":297,"column":4},"end":{"line":297,"column":58}},"77":{"start":{"line":297,"column":22},"end":{"line":297,"column":55}},"78":{"start":{"line":299,"column":4},"end":{"line":316,"column":5}},"79":{"start":{"line":301,"column":23},"end":{"line":303,"column":8}},"80":{"start":{"line":305,"column":6},"end":{"line":309,"column":10}},"81":{"start":{"line":305,"column":24},"end":{"line":309,"column":7}},"82":{"start":{"line":311,"column":6},"end":{"line":311,"column":54}},"83":{"start":{"line":312,"column":6},"end":{"line":315,"column":10}},"84":{"start":{"line":312,"column":24},"end":{"line":315,"column":7}},"85":{"start":{"line":320,"column":33},"end":{"line":323,"column":4}},"86":{"start":{"line":326,"column":2},"end":{"line":381,"column":51}},"87":{"start":{"line":327,"column":17},"end":{"line":327,"column":34}},"88":{"start":{"line":330,"column":4},"end":{"line":332,"column":5}},"89":{"start":{"line":331,"column":6},"end":{"line":331,"column":77}},"90":{"start":{"line":331,"column":38},"end":{"line":331,"column":75}},"91":{"start":{"line":334,"column":4},"end":{"line":336,"column":5}},"92":{"start":{"line":335,"column":6},"end":{"line":335,"column":86}},"93":{"start":{"line":335,"column":38},"end":{"line":335,"column":84}},"94":{"start":{"line":338,"column":4},"end":{"line":345,"column":5}},"95":{"start":{"line":339,"column":26},"end":{"line":339,"column":60}},"96":{"start":{"line":340,"column":6},"end":{"line":344,"column":8}},"97":{"start":{"line":341,"column":8},"end":{"line":343,"column":67}},"98":{"start":{"line":348,"column":4},"end":{"line":378,"column":7}},"99":{"start":{"line":351,"column":6},"end":{"line":371,"column":7}},"100":{"start":{"line":353,"column":10},"end":{"line":353,"column":34}},"101":{"start":{"line":354,"column":10},"end":{"line":354,"column":34}},"102":{"start":{"line":355,"column":10},"end":{"line":355,"column":16}},"103":{"start":{"line":357,"column":10},"end":{"line":357,"column":42}},"104":{"start":{"line":358,"column":10},"end":{"line":358,"column":42}},"105":{"start":{"line":359,"column":10},"end":{"line":359,"column":16}},"106":{"start":{"line":361,"column":10},"end":{"line":361,"column":27}},"107":{"start":{"line":362,"column":10},"end":{"line":362,"column":27}},"108":{"start":{"line":363,"column":10},"end":{"line":363,"column":16}},"109":{"start":{"line":365,"column":10},"end":{"line":365,"column":41}},"110":{"start":{"line":366,"column":10},"end":{"line":366,"column":41}},"111":{"start":{"line":367,"column":10},"end":{"line":367,"column":16}},"112":{"start":{"line":369,"column":10},"end":{"line":369,"column":32}},"113":{"start":{"line":370,"column":10},"end":{"line":370,"column":32}},"114":{"start":{"line":373,"column":6},"end":{"line":377,"column":7}},"115":{"start":{"line":374,"column":8},"end":{"line":374,"column":40}},"116":{"start":{"line":376,"column":8},"end":{"line":376,"column":40}},"117":{"start":{"line":380,"column":4},"end":{"line":380,"column":36}},"118":{"start":{"line":384,"column":2},"end":{"line":389,"column":65}},"119":{"start":{"line":385,"column":4},"end":{"line":385,"column":18}},"120":{"start":{"line":386,"column":4},"end":{"line":386,"column":21}},"121":{"start":{"line":387,"column":4},"end":{"line":387,"column":20}},"122":{"start":{"line":388,"column":4},"end":{"line":388,"column":19}},"123":{"start":{"line":391,"column":23},"end":{"line":406,"column":3}},"124":{"start":{"line":411,"column":4},"end":{"line":423,"column":5}},"125":{"start":{"line":413,"column":23},"end":{"line":415,"column":8}},"126":{"start":{"line":417,"column":6},"end":{"line":417,"column":22}},"127":{"start":{"line":418,"column":6},"end":{"line":418,"column":27}},"128":{"start":{"line":420,"column":6},"end":{"line":420,"column":52}},"129":{"start":{"line":422,"column":6},"end":{"line":422,"column":42}},"130":{"start":{"line":429,"column":4},"end":{"line":441,"column":5}},"131":{"start":{"line":431,"column":23},"end":{"line":433,"column":8}},"132":{"start":{"line":435,"column":6},"end":{"line":435,"column":23}},"133":{"start":{"line":436,"column":6},"end":{"line":436,"column":27}},"134":{"start":{"line":438,"column":6},"end":{"line":438,"column":53}},"135":{"start":{"line":440,"column":6},"end":{"line":440,"column":42}},"136":{"start":{"line":444,"column":2},"end":{"line":448,"column":4}},"137":{"start":{"line":453,"column":18},"end":{"line":453,"column":42}},"138":{"start":{"line":454,"column":2},"end":{"line":456,"column":3}},"139":{"start":{"line":455,"column":4},"end":{"line":455,"column":70}},"140":{"start":{"line":457,"column":2},"end":{"line":457,"column":17}}},"fnMap":{"0":{"name":"orderReducer","decl":{"start":{"line":49,"column":9},"end":{"line":49,"column":21}},"loc":{"start":{"line":49,"column":37},"end":{"line":122,"column":1}},"line":49},"1":{"name":"(anonymous_1)","decl":{"start":{"line":73,"column":45},"end":{"line":73,"column":46}},"loc":{"start":{"line":74,"column":8},"end":{"line":74,"column":80}},"line":74},"2":{"name":"(anonymous_2)","decl":{"start":{"line":82,"column":36},"end":{"line":82,"column":37}},"loc":{"start":{"line":82,"column":45},"end":{"line":82,"column":72}},"line":82},"3":{"name":"(anonymous_3)","decl":{"start":{"line":125,"column":29},"end":{"line":125,"column":30}},"loc":{"start":{"line":125,"column":47},"end":{"line":449,"column":1}},"line":125},"4":{"name":"(anonymous_4)","decl":{"start":{"line":144,"column":34},"end":{"line":144,"column":35}},"loc":{"start":{"line":144,"column":46},"end":{"line":165,"column":3}},"line":144},"5":{"name":"(anonymous_5)","decl":{"start":{"line":168,"column":19},"end":{"line":168,"column":20}},"loc":{"start":{"line":168,"column":40},"end":{"line":185,"column":3}},"line":168},"6":{"name":"(anonymous_6)","decl":{"start":{"line":188,"column":22},"end":{"line":188,"column":23}},"loc":{"start":{"line":188,"column":52},"end":{"line":207,"column":3}},"line":188},"7":{"name":"(anonymous_7)","decl":{"start":{"line":210,"column":22},"end":{"line":210,"column":23}},"loc":{"start":{"line":210,"column":41},"end":{"line":229,"column":3}},"line":210},"8":{"name":"(anonymous_8)","decl":{"start":{"line":232,"column":20},"end":{"line":232,"column":21}},"loc":{"start":{"line":232,"column":36},"end":{"line":237,"column":3}},"line":232},"9":{"name":"(anonymous_9)","decl":{"start":{"line":240,"column":18},"end":{"line":240,"column":19}},"loc":{"start":{"line":240,"column":29},"end":{"line":245,"column":3}},"line":240},"10":{"name":"(anonymous_10)","decl":{"start":{"line":248,"column":37},"end":{"line":248,"column":38}},"loc":{"start":{"line":248,"column":49},"end":{"line":268,"column":3}},"line":248},"11":{"name":"(anonymous_11)","decl":{"start":{"line":271,"column":36},"end":{"line":271,"column":37}},"loc":{"start":{"line":271,"column":48},"end":{"line":291,"column":3}},"line":271},"12":{"name":"(anonymous_12)","decl":{"start":{"line":294,"column":35},"end":{"line":294,"column":36}},"loc":{"start":{"line":294,"column":47},"end":{"line":317,"column":3}},"line":294},"13":{"name":"(anonymous_13)","decl":{"start":{"line":297,"column":13},"end":{"line":297,"column":14}},"loc":{"start":{"line":297,"column":22},"end":{"line":297,"column":55}},"line":297},"14":{"name":"(anonymous_14)","decl":{"start":{"line":305,"column":15},"end":{"line":305,"column":16}},"loc":{"start":{"line":305,"column":24},"end":{"line":309,"column":7}},"line":305},"15":{"name":"(anonymous_15)","decl":{"start":{"line":312,"column":15},"end":{"line":312,"column":16}},"loc":{"start":{"line":312,"column":24},"end":{"line":315,"column":7}},"line":312},"16":{"name":"(anonymous_16)","decl":{"start":{"line":326,"column":12},"end":{"line":326,"column":13}},"loc":{"start":{"line":326,"column":18},"end":{"line":381,"column":3}},"line":326},"17":{"name":"(anonymous_17)","decl":{"start":{"line":331,"column":29},"end":{"line":331,"column":30}},"loc":{"start":{"line":331,"column":38},"end":{"line":331,"column":75}},"line":331},"18":{"name":"(anonymous_18)","decl":{"start":{"line":335,"column":29},"end":{"line":335,"column":30}},"loc":{"start":{"line":335,"column":38},"end":{"line":335,"column":84}},"line":335},"19":{"name":"(anonymous_19)","decl":{"start":{"line":340,"column":29},"end":{"line":340,"column":30}},"loc":{"start":{"line":341,"column":8},"end":{"line":343,"column":67}},"line":341},"20":{"name":"(anonymous_20)","decl":{"start":{"line":348,"column":16},"end":{"line":348,"column":17}},"loc":{"start":{"line":348,"column":26},"end":{"line":378,"column":5}},"line":348},"21":{"name":"(anonymous_21)","decl":{"start":{"line":384,"column":12},"end":{"line":384,"column":13}},"loc":{"start":{"line":384,"column":18},"end":{"line":389,"column":3}},"line":384},"22":{"name":"addProduct","decl":{"start":{"line":409,"column":17},"end":{"line":409,"column":27}},"loc":{"start":{"line":409,"column":41},"end":{"line":424,"column":3}},"line":409},"23":{"name":"addCustomer","decl":{"start":{"line":427,"column":17},"end":{"line":427,"column":28}},"loc":{"start":{"line":427,"column":43},"end":{"line":442,"column":3}},"line":427},"24":{"name":"useOrders","decl":{"start":{"line":452,"column":16},"end":{"line":452,"column":25}},"loc":{"start":{"line":452,"column":28},"end":{"line":458,"column":1}},"line":452}},"branchMap":{"0":{"loc":{"start":{"line":50,"column":2},"end":{"line":121,"column":3}},"type":"switch","locations":[{"start":{"line":51,"column":4},"end":{"line":52,"column":54}},{"start":{"line":54,"column":4},"end":{"line":60,"column":8}},{"start":{"line":62,"column":4},"end":{"line":63,"column":65}},{"start":{"line":65,"column":4},"end":{"line":70,"column":8}},{"start":{"line":72,"column":4},"end":{"line":77,"column":5}},{"start":{"line":79,"column":4},"end":{"line":83,"column":8}},{"start":{"line":85,"column":4},"end":{"line":89,"column":8}},{"start":{"line":91,"column":4},"end":{"line":99,"column":8}},{"start":{"line":101,"column":4},"end":{"line":102,"column":78}},{"start":{"line":104,"column":4},"end":{"line":105,"column":83}},{"start":{"line":107,"column":4},"end":{"line":108,"column":72}},{"start":{"line":110,"column":4},"end":{"line":111,"column":76}},{"start":{"line":113,"column":4},"end":{"line":114,"column":81}},{"start":{"line":116,"column":4},"end":{"line":117,"column":70}},{"start":{"line":119,"column":4},"end":{"line":120,"column":19}}],"line":50},"1":{"loc":{"start":{"line":74,"column":8},"end":{"line":74,"column":80}},"type":"cond-expr","locations":[{"start":{"line":74,"column":41},"end":{"line":74,"column":72}},{"start":{"line":74,"column":75},"end":{"line":74,"column":80}}],"line":74},"2":{"loc":{"start":{"line":96,"column":21},"end":{"line":97,"column":71}},"type":"cond-expr","locations":[{"start":{"line":97,"column":57},"end":{"line":97,"column":63}},{"start":{"line":97,"column":66},"end":{"line":97,"column":71}}],"line":96},"3":{"loc":{"start":{"line":96,"column":21},"end":{"line":97,"column":54}},"type":"binary-expr","locations":[{"start":{"line":96,"column":21},"end":{"line":96,"column":65}},{"start":{"line":97,"column":21},"end":{"line":97,"column":54}}],"line":96},"4":{"loc":{"start":{"line":141,"column":28},"end":{"line":141,"column":94}},"type":"binary-expr","locations":[{"start":{"line":141,"column":28},"end":{"line":141,"column":67}},{"start":{"line":141,"column":71},"end":{"line":141,"column":94}}],"line":141},"5":{"loc":{"start":{"line":162,"column":17},"end":{"line":162,"column":74}},"type":"binary-expr","locations":[{"start":{"line":162,"column":17},"end":{"line":162,"column":46}},{"start":{"line":162,"column":50},"end":{"line":162,"column":74}}],"line":162},"6":{"loc":{"start":{"line":183,"column":12},"end":{"line":183,"column":41}},"type":"binary-expr","locations":[{"start":{"line":183,"column":12},"end":{"line":183,"column":32}},{"start":{"line":183,"column":36},"end":{"line":183,"column":41}}],"line":183},"7":{"loc":{"start":{"line":205,"column":12},"end":{"line":205,"column":41}},"type":"binary-expr","locations":[{"start":{"line":205,"column":12},"end":{"line":205,"column":32}},{"start":{"line":205,"column":36},"end":{"line":205,"column":41}}],"line":205},"8":{"loc":{"start":{"line":227,"column":12},"end":{"line":227,"column":41}},"type":"binary-expr","locations":[{"start":{"line":227,"column":12},"end":{"line":227,"column":32}},{"start":{"line":227,"column":36},"end":{"line":227,"column":41}}],"line":227},"9":{"loc":{"start":{"line":265,"column":17},"end":{"line":265,"column":77}},"type":"binary-expr","locations":[{"start":{"line":265,"column":17},"end":{"line":265,"column":46}},{"start":{"line":265,"column":50},"end":{"line":265,"column":77}}],"line":265},"10":{"loc":{"start":{"line":288,"column":17},"end":{"line":288,"column":76}},"type":"binary-expr","locations":[{"start":{"line":288,"column":17},"end":{"line":288,"column":46}},{"start":{"line":288,"column":50},"end":{"line":288,"column":76}}],"line":288},"11":{"loc":{"start":{"line":330,"column":4},"end":{"line":332,"column":5}},"type":"if","locations":[{"start":{"line":330,"column":4},"end":{"line":332,"column":5}},{"start":{},"end":{}}],"line":330},"12":{"loc":{"start":{"line":334,"column":4},"end":{"line":336,"column":5}},"type":"if","locations":[{"start":{"line":334,"column":4},"end":{"line":336,"column":5}},{"start":{},"end":{}}],"line":334},"13":{"loc":{"start":{"line":338,"column":4},"end":{"line":345,"column":5}},"type":"if","locations":[{"start":{"line":338,"column":4},"end":{"line":345,"column":5}},{"start":{},"end":{}}],"line":338},"14":{"loc":{"start":{"line":341,"column":8},"end":{"line":343,"column":67}},"type":"binary-expr","locations":[{"start":{"line":341,"column":8},"end":{"line":341,"column":62}},{"start":{"line":342,"column":8},"end":{"line":342,"column":64}},{"start":{"line":343,"column":8},"end":{"line":343,"column":67}}],"line":341},"15":{"loc":{"start":{"line":351,"column":6},"end":{"line":371,"column":7}},"type":"switch","locations":[{"start":{"line":352,"column":8},"end":{"line":355,"column":16}},{"start":{"line":356,"column":8},"end":{"line":359,"column":16}},{"start":{"line":360,"column":8},"end":{"line":363,"column":16}},{"start":{"line":364,"column":8},"end":{"line":367,"column":16}},{"start":{"line":368,"column":8},"end":{"line":370,"column":32}}],"line":351},"16":{"loc":{"start":{"line":365,"column":19},"end":{"line":365,"column":40}},"type":"binary-expr","locations":[{"start":{"line":365,"column":19},"end":{"line":365,"column":34}},{"start":{"line":365,"column":38},"end":{"line":365,"column":40}}],"line":365},"17":{"loc":{"start":{"line":366,"column":19},"end":{"line":366,"column":40}},"type":"binary-expr","locations":[{"start":{"line":366,"column":19},"end":{"line":366,"column":34}},{"start":{"line":366,"column":38},"end":{"line":366,"column":40}}],"line":366},"18":{"loc":{"start":{"line":373,"column":6},"end":{"line":377,"column":7}},"type":"if","locations":[{"start":{"line":373,"column":6},"end":{"line":377,"column":7}},{"start":{"line":375,"column":13},"end":{"line":377,"column":7}}],"line":373},"19":{"loc":{"start":{"line":374,"column":15},"end":{"line":374,"column":39}},"type":"cond-expr","locations":[{"start":{"line":374,"column":33},"end":{"line":374,"column":34}},{"start":{"line":374,"column":37},"end":{"line":374,"column":39}}],"line":374},"20":{"loc":{"start":{"line":376,"column":15},"end":{"line":376,"column":39}},"type":"cond-expr","locations":[{"start":{"line":376,"column":33},"end":{"line":376,"column":34}},{"start":{"line":376,"column":37},"end":{"line":376,"column":39}}],"line":376},"21":{"loc":{"start":{"line":422,"column":12},"end":{"line":422,"column":41}},"type":"binary-expr","locations":[{"start":{"line":422,"column":12},"end":{"line":422,"column":32}},{"start":{"line":422,"column":36},"end":{"line":422,"column":41}}],"line":422},"22":{"loc":{"start":{"line":440,"column":12},"end":{"line":440,"column":41}},"type":"binary-expr","locations":[{"start":{"line":440,"column":12},"end":{"line":440,"column":32}},{"start":{"line":440,"column":36},"end":{"line":440,"column":41}}],"line":440},"23":{"loc":{"start":{"line":454,"column":2},"end":{"line":456,"column":3}},"type":"if","locations":[{"start":{"line":454,"column":2},"end":{"line":456,"column":3}},{"start":{},"end":{}}],"line":454}},"s":{"0":1,"1":1,"2":1,"3":18,"4":3,"5":0,"6":3,"7":0,"8":0,"9":0,"10":0,"11":0,"12":0,"13":0,"14":0,"15":0,"16":3,"17":3,"18":0,"19":3,"20":3,"21":0,"22":1,"23":6,"24":6,"25":6,"26":6,"27":3,"28":3,"29":3,"30":0,"31":3,"32":3,"33":6,"34":0,"35":0,"36":0,"37":0,"38":0,"39":0,"40":6,"41":0,"42":0,"43":0,"44":0,"45":0,"46":0,"47":0,"48":6,"49":0,"50":0,"51":0,"52":0,"53":0,"54":0,"55":0,"56":6,"57":0,"58":6,"59":0,"60":6,"61":3,"62":3,"63":3,"64":0,"65":3,"66":3,"67":6,"68":3,"69":3,"70":3,"71":0,"72":3,"73":3,"74":6,"75":3,"76":3,"77":3,"78":3,"79":3,"80":0,"81":0,"82":3,"83":3,"84":3,"85":6,"86":6,"87":3,"88":3,"89":0,"90":0,"91":3,"92":0,"93":0,"94":3,"95":0,"96":0,"97":0,"98":3,"99":0,"100":0,"101":0,"102":0,"103":0,"104":0,"105":0,"106":0,"107":0,"108":0,"109":0,"110":0,"111":0,"112":0,"113":0,"114":0,"115":0,"116":0,"117":3,"118":6,"119":3,"120":3,"121":3,"122":3,"123":6,"124":0,"125":0,"126":0,"127":0,"128":0,"129":0,"130":0,"131":0,"132":0,"133":0,"134":0,"135":0,"136":6,"137":6,"138":6,"139":0,"140":6},"f":{"0":18,"1":0,"2":0,"3":6,"4":3,"5":0,"6":0,"7":0,"8":0,"9":0,"10":3,"11":3,"12":3,"13":3,"14":0,"15":3,"16":3,"17":0,"18":0,"19":0,"20":0,"21":3,"22":0,"23":0,"24":6},"b":{"0":[3,0,3,0,0,0,0,0,0,3,3,0,3,3,0],"1":[0,0],"2":[0,0],"3":[0,0],"4":[6,6],"5":[3,3],"6":[0,0],"7":[0,0],"8":[0,0],"9":[3,3],"10":[3,3],"11":[0,3],"12":[0,3],"13":[0,3],"14":[0,0,0],"15":[0,0,0,0,0],"16":[0,0],"17":[0,0],"18":[0,0],"19":[0,0],"20":[0,0],"21":[0,0],"22":[0,0],"23":[0,6]},"_coverageSchema":"1a1c01bbd47fc00a2c39e90264f33305004495a9","hash":"fce6834d09548363bb14a51292cc19f507e8b593"}
}
