TN:
SF:src\App.js
FN:14,(anonymous_0)
FNF:1
FNH:0
FNDA:0,(anonymous_0)
DA:14,0
DA:15,0
LF:2
LH:0
BRF:0
BRH:0
end_of_record
TN:
SF:src\components\Auth\Login.js
FN:6,(anonymous_0)
FN:13,(anonymous_1)
FN:44,(anonymous_2)
FN:55,(anonymous_3)
FNF:4
FNH:3
FNDA:6,(anonymous_0)
FNDA:0,(anonymous_1)
FNDA:1,(anonymous_2)
FNDA:1,(anonymous_3)
DA:6,1
DA:7,6
DA:8,6
DA:9,6
DA:10,6
DA:11,6
DA:13,6
DA:14,0
DA:15,0
DA:17,0
DA:18,0
DA:19,0
DA:20,0
DA:23,0
DA:27,6
DA:44,1
DA:55,1
LF:17
LH:10
BRDA:19,0,0,0
BRDA:19,0,1,0
BRDA:35,1,0,6
BRDA:35,1,1,0
BRDA:61,2,0,0
BRDA:61,2,1,6
BRF:6
BRH:2
end_of_record
TN:
SF:src\components\Layout\Navbar.js
FN:6,(anonymous_0)
FN:10,(anonymous_1)
FNF:2
FNH:0
FNDA:0,(anonymous_0)
FNDA:0,(anonymous_1)
DA:6,0
DA:7,0
DA:8,0
DA:10,0
DA:11,0
DA:12,0
DA:15,0
LF:7
LH:0
BRDA:25,0,0,0
BRDA:25,0,1,0
BRF:2
BRH:0
end_of_record
TN:
SF:src\components\Management\AddCustomerForm.js
FN:6,(anonymous_0)
FN:15,(anonymous_1)
FN:49,(anonymous_2)
FN:60,(anonymous_3)
FN:70,(anonymous_4)
FN:78,(anonymous_5)
FNF:6
FNH:0
FNDA:0,(anonymous_0)
FNDA:0,(anonymous_1)
FNDA:0,(anonymous_2)
FNDA:0,(anonymous_3)
FNDA:0,(anonymous_4)
FNDA:0,(anonymous_5)
DA:6,0
DA:7,0
DA:8,0
DA:9,0
DA:10,0
DA:11,0
DA:12,0
DA:13,0
DA:15,0
DA:16,0
DA:17,0
DA:18,0
DA:20,0
DA:21,0
DA:22,0
DA:23,0
DA:26,0
DA:27,0
DA:29,0
DA:31,0
DA:32,0
DA:34,0
DA:38,0
DA:49,0
DA:60,0
DA:70,0
DA:78,0
LF:27
LH:0
BRDA:20,0,0,0
BRDA:20,0,1,0
BRDA:32,1,0,0
BRDA:32,1,1,0
BRDA:42,2,0,0
BRDA:42,2,1,0
BRDA:76,3,0,0
BRDA:76,3,1,0
BRF:8
BRH:0
end_of_record
TN:
SF:src\components\Management\AddProductForm.js
FN:6,(anonymous_0)
FN:15,(anonymous_1)
FN:50,(anonymous_2)
FN:60,(anonymous_3)
FN:71,(anonymous_4)
FN:82,(anonymous_5)
FNF:6
FNH:0
FNDA:0,(anonymous_0)
FNDA:0,(anonymous_1)
FNDA:0,(anonymous_2)
FNDA:0,(anonymous_3)
FNDA:0,(anonymous_4)
FNDA:0,(anonymous_5)
DA:6,0
DA:7,0
DA:8,0
DA:9,0
DA:10,0
DA:11,0
DA:12,0
DA:13,0
DA:15,0
DA:16,0
DA:17,0
DA:18,0
DA:20,0
DA:21,0
DA:22,0
DA:23,0
DA:24,0
DA:27,0
DA:28,0
DA:30,0
DA:32,0
DA:33,0
DA:35,0
DA:39,0
DA:50,0
DA:60,0
DA:71,0
DA:82,0
LF:28
LH:0
BRDA:21,0,0,0
BRDA:21,0,1,0
BRDA:21,1,0,0
BRDA:21,1,1,0
BRDA:33,2,0,0
BRDA:33,2,1,0
BRDA:43,3,0,0
BRDA:43,3,1,0
BRDA:80,4,0,0
BRDA:80,4,1,0
BRF:10
BRH:0
end_of_record
TN:
SF:src\components\Orders\OrderList.js
FN:6,(anonymous_0)
FN:15,(anonymous_1)
FN:33,(anonymous_2)
FN:73,(anonymous_3)
FNF:4
FNH:1
FNDA:6,(anonymous_0)
FNDA:0,(anonymous_1)
FNDA:0,(anonymous_2)
FNDA:0,(anonymous_3)
DA:6,1
DA:13,6
DA:15,6
DA:18,0
DA:19,0
DA:24,0
DA:25,0
DA:28,0
DA:29,0
DA:33,6
DA:34,0
DA:35,0
DA:37,0
DA:38,0
DA:42,6
DA:43,0
DA:51,6
DA:52,3
DA:61,3
DA:62,3
DA:71,0
DA:74,0
LF:22
LH:9
BRDA:24,0,0,0
BRDA:24,0,1,0
BRDA:24,1,0,0
BRDA:24,1,1,0
BRDA:42,2,0,0
BRDA:42,2,1,6
BRDA:51,3,0,3
BRDA:51,3,1,3
BRDA:56,4,0,3
BRDA:56,4,1,0
BRDA:61,5,0,3
BRDA:61,5,1,0
BRF:12
BRH:5
end_of_record
TN:
SF:src\context\AuthContext.js
FN:12,(anonymous_0)
FN:19,(anonymous_1)
FN:32,(anonymous_2)
FN:50,(anonymous_3)
FN:98,(anonymous_4)
FN:142,(anonymous_5)
FN:151,(anonymous_6)
FN:183,(anonymous_7)
FN:185,(anonymous_8)
FN:186,(anonymous_9)
FN:209,(anonymous_10)
FN:216,(anonymous_11)
FN:236,(anonymous_12)
FNF:13
FNH:6
FNDA:4,(anonymous_0)
FNDA:2,(anonymous_1)
FNDA:0,(anonymous_2)
FNDA:0,(anonymous_3)
FNDA:0,(anonymous_4)
FNDA:0,(anonymous_5)
FNDA:0,(anonymous_6)
FNDA:2,(anonymous_7)
FNDA:0,(anonymous_8)
FNDA:0,(anonymous_9)
FNDA:2,(anonymous_10)
FNDA:2,(anonymous_11)
FNDA:6,(anonymous_12)
DA:4,2
DA:8,2
DA:12,2
DA:13,4
DA:14,4
DA:15,4
DA:17,4
DA:19,4
DA:21,2
DA:22,2
DA:23,0
DA:25,2
DA:32,4
DA:33,0
DA:35,0
DA:38,0
DA:39,0
DA:41,0
DA:42,0
DA:43,0
DA:44,0
DA:46,0
DA:50,4
DA:51,0
DA:52,0
DA:54,0
DA:56,0
DA:62,0
DA:64,0
DA:66,0
DA:68,0
DA:71,0
DA:72,0
DA:74,0
DA:77,0
DA:78,0
DA:80,0
DA:81,0
DA:82,0
DA:83,0
DA:84,0
DA:86,0
DA:89,0
DA:92,0
DA:94,0
DA:98,4
DA:99,0
DA:100,0
DA:102,0
DA:103,0
DA:105,0
DA:106,0
DA:108,0
DA:109,0
DA:110,0
DA:112,0
DA:115,0
DA:117,0
DA:119,0
DA:120,0
DA:121,0
DA:122,0
DA:126,0
DA:127,0
DA:129,0
DA:132,0
DA:135,0
DA:137,0
DA:142,4
DA:143,0
DA:144,0
DA:145,0
DA:147,0
DA:151,4
DA:152,0
DA:153,0
DA:154,0
DA:155,0
DA:158,0
DA:159,0
DA:161,0
DA:165,0
DA:166,0
DA:167,0
DA:168,0
DA:170,0
DA:171,0
DA:173,0
DA:176,0
DA:177,0
DA:178,0
DA:183,4
DA:184,2
DA:185,0
DA:187,0
DA:189,0
DA:190,0
DA:191,0
DA:192,0
DA:193,0
DA:195,0
DA:197,0
DA:200,0
DA:204,0
DA:209,2
DA:210,2
DA:216,4
DA:217,2
DA:218,2
DA:219,0
DA:224,4
DA:233,4
DA:236,2
DA:237,6
LF:114
LH:27
BRDA:9,0,0,2
BRDA:9,0,1,0
BRDA:17,1,0,4
BRDA:17,1,1,0
BRDA:22,2,0,0
BRDA:22,2,1,2
BRDA:64,3,0,0
BRDA:64,3,1,0
BRDA:80,4,0,0
BRDA:80,4,1,0
BRDA:80,5,0,0
BRDA:80,5,1,0
BRDA:81,6,0,0
BRDA:81,6,1,0
BRDA:83,7,0,0
BRDA:83,7,1,0
BRDA:105,8,0,0
BRDA:105,8,1,0
BRDA:117,9,0,0
BRDA:117,9,1,0
BRDA:117,10,0,0
BRDA:117,10,1,0
BRDA:121,11,0,0
BRDA:121,11,1,0
BRDA:126,12,0,0
BRDA:126,12,1,0
BRDA:153,13,0,0
BRDA:153,13,1,0
BRDA:166,14,0,0
BRDA:166,14,1,0
BRDA:189,15,0,0
BRDA:189,15,1,0
BRDA:189,16,0,0
BRDA:189,16,1,0
BRDA:218,17,0,0
BRDA:218,17,1,2
BRF:36
BRH:4
end_of_record
TN:
SF:src\context\OrderContext.js
FN:49,orderReducer
FN:73,(anonymous_1)
FN:82,(anonymous_2)
FN:125,(anonymous_3)
FN:144,(anonymous_4)
FN:168,(anonymous_5)
FN:188,(anonymous_6)
FN:210,(anonymous_7)
FN:232,(anonymous_8)
FN:240,(anonymous_9)
FN:248,(anonymous_10)
FN:271,(anonymous_11)
FN:294,(anonymous_12)
FN:297,(anonymous_13)
FN:305,(anonymous_14)
FN:312,(anonymous_15)
FN:326,(anonymous_16)
FN:331,(anonymous_17)
FN:335,(anonymous_18)
FN:340,(anonymous_19)
FN:348,(anonymous_20)
FN:384,(anonymous_21)
FN:409,addProduct
FN:427,addCustomer
FN:452,useOrders
FNF:25
FNH:11
FNDA:18,orderReducer
FNDA:0,(anonymous_1)
FNDA:0,(anonymous_2)
FNDA:6,(anonymous_3)
FNDA:3,(anonymous_4)
FNDA:0,(anonymous_5)
FNDA:0,(anonymous_6)
FNDA:0,(anonymous_7)
FNDA:0,(anonymous_8)
FNDA:0,(anonymous_9)
FNDA:3,(anonymous_10)
FNDA:3,(anonymous_11)
FNDA:3,(anonymous_12)
FNDA:3,(anonymous_13)
FNDA:0,(anonymous_14)
FNDA:3,(anonymous_15)
FNDA:3,(anonymous_16)
FNDA:0,(anonymous_17)
FNDA:0,(anonymous_18)
FNDA:0,(anonymous_19)
FNDA:0,(anonymous_20)
FNDA:3,(anonymous_21)
FNDA:0,addProduct
FNDA:0,addCustomer
FNDA:6,useOrders
DA:6,1
DA:9,1
DA:31,1
DA:50,18
DA:52,3
DA:55,0
DA:63,3
DA:67,0
DA:73,0
DA:74,0
DA:76,0
DA:80,0
DA:82,0
DA:86,0
DA:92,0
DA:102,0
DA:105,3
DA:108,3
DA:111,0
DA:114,3
DA:117,3
DA:120,0
DA:125,1
DA:126,6
DA:138,6
DA:141,6
DA:144,6
DA:145,3
DA:147,3
DA:149,3
DA:153,0
DA:158,3
DA:160,3
DA:168,6
DA:169,0
DA:171,0
DA:175,0
DA:180,0
DA:182,0
DA:183,0
DA:188,6
DA:190,0
DA:191,0
DA:193,0
DA:197,0
DA:202,0
DA:204,0
DA:205,0
DA:210,6
DA:212,0
DA:213,0
DA:215,0
DA:219,0
DA:224,0
DA:226,0
DA:227,0
DA:232,6
DA:233,0
DA:240,6
DA:241,0
DA:248,6
DA:249,3
DA:251,3
DA:253,3
DA:257,0
DA:262,3
DA:263,3
DA:271,6
DA:272,3
DA:274,3
DA:276,3
DA:280,0
DA:285,3
DA:286,3
DA:294,6
DA:296,3
DA:297,3
DA:299,3
DA:301,3
DA:305,0
DA:311,3
DA:312,3
DA:320,6
DA:326,6
DA:327,3
DA:330,3
DA:331,0
DA:334,3
DA:335,0
DA:338,3
DA:339,0
DA:340,0
DA:341,0
DA:348,3
DA:351,0
DA:353,0
DA:354,0
DA:355,0
DA:357,0
DA:358,0
DA:359,0
DA:361,0
DA:362,0
DA:363,0
DA:365,0
DA:366,0
DA:367,0
DA:369,0
DA:370,0
DA:373,0
DA:374,0
DA:376,0
DA:380,3
DA:384,6
DA:385,3
DA:386,3
DA:387,3
DA:388,3
DA:391,6
DA:411,0
DA:413,0
DA:417,0
DA:418,0
DA:420,0
DA:422,0
DA:429,0
DA:431,0
DA:435,0
DA:436,0
DA:438,0
DA:440,0
DA:444,6
DA:453,6
DA:454,6
DA:455,0
DA:457,6
LF:136
LH:62
BRDA:50,0,0,3
BRDA:50,0,1,0
BRDA:50,0,2,3
BRDA:50,0,3,0
BRDA:50,0,4,0
BRDA:50,0,5,0
BRDA:50,0,6,0
BRDA:50,0,7,0
BRDA:50,0,8,0
BRDA:50,0,9,3
BRDA:50,0,10,3
BRDA:50,0,11,0
BRDA:50,0,12,3
BRDA:50,0,13,3
BRDA:50,0,14,0
BRDA:74,1,0,0
BRDA:74,1,1,0
BRDA:96,2,0,0
BRDA:96,2,1,0
BRDA:96,3,0,0
BRDA:96,3,1,0
BRDA:141,4,0,6
BRDA:141,4,1,6
BRDA:162,5,0,3
BRDA:162,5,1,3
BRDA:183,6,0,0
BRDA:183,6,1,0
BRDA:205,7,0,0
BRDA:205,7,1,0
BRDA:227,8,0,0
BRDA:227,8,1,0
BRDA:265,9,0,3
BRDA:265,9,1,3
BRDA:288,10,0,3
BRDA:288,10,1,3
BRDA:330,11,0,0
BRDA:330,11,1,3
BRDA:334,12,0,0
BRDA:334,12,1,3
BRDA:338,13,0,0
BRDA:338,13,1,3
BRDA:341,14,0,0
BRDA:341,14,1,0
BRDA:341,14,2,0
BRDA:351,15,0,0
BRDA:351,15,1,0
BRDA:351,15,2,0
BRDA:351,15,3,0
BRDA:351,15,4,0
BRDA:365,16,0,0
BRDA:365,16,1,0
BRDA:366,17,0,0
BRDA:366,17,1,0
BRDA:373,18,0,0
BRDA:373,18,1,0
BRDA:374,19,0,0
BRDA:374,19,1,0
BRDA:376,20,0,0
BRDA:376,20,1,0
BRDA:422,21,0,0
BRDA:422,21,1,0
BRDA:440,22,0,0
BRDA:440,22,1,0
BRDA:454,23,0,0
BRDA:454,23,1,6
BRF:65
BRH:18
end_of_record
